2021-12-18 20:26:20 [ restartedMain ] ------------------ [ INFO  ] [ com.javaclimb.drug.DrugApplication : 55 ] -
                Starting DrugApplication using Java 11.0.11 on LAPTOP-4MVI9LIV with PID 20564 (D:\springboot医院管理系统自制\医院药品管理系统\医院管理系统\target\classes started by A in D:\springboot医院管理系统自制\医院药品管理系统\医院管理系统)
2021-12-18 20:26:20 [ restartedMain ] ------------------ [ DEBUG ] [ com.javaclimb.drug.DrugApplication : 56 ] -
                Running with Spring Boot v2.4.2, Spring v5.3.3
2021-12-18 20:26:20 [ restartedMain ] ------------------ [ INFO  ] [ com.javaclimb.drug.DrugApplication : 660 ] -
                No active profile set, falling back to default profiles: default
2021-12-18 20:26:21 [ restartedMain ] ------------------ [ WARN  ] [ c.b.mybatisplus.core.metadata.TableInfoHelper : 333 ] -
                This "id" is the table primary key by @TableId annotation in Class: "com.javaclimb.drug.entity.User",So @TableField annotation will not work!
2021-12-18 20:26:22 [ restartedMain ] ------------------ [ INFO  ] [ org.apache.coyote.http11.Http11NioProtocol : 173 ] -
                Initializing ProtocolHandler ["http-nio-8080"]
2021-12-18 20:26:22 [ restartedMain ] ------------------ [ INFO  ] [ org.apache.catalina.core.StandardService : 173 ] -
                Starting service [Tomcat]
2021-12-18 20:26:22 [ restartedMain ] ------------------ [ INFO  ] [ org.apache.catalina.core.StandardEngine : 173 ] -
                Starting Servlet engine: [Apache Tomcat/9.0.41]
2021-12-18 20:26:22 [ restartedMain ] ------------------ [ INFO  ] [ o.a.c.core.ContainerBase.[Tomcat].[localhost].[/] : 173 ] -
                Initializing Spring embedded WebApplicationContext
2021-12-18 20:26:22 [ restartedMain ] ------------------ [ WARN  ] [ c.b.mybatisplus.core.metadata.TableInfoHelper : 333 ] -
                This "id" is the table primary key by @TableId annotation in Class: "com.javaclimb.drug.entity.Billinfo",So @TableField annotation will not work!
2021-12-18 20:26:22 [ restartedMain ] ------------------ [ WARN  ] [ c.b.mybatisplus.core.metadata.TableInfoHelper : 333 ] -
                This "id" is the table primary key by @TableId annotation in Class: "com.javaclimb.drug.entity.Druginfo",So @TableField annotation will not work!
2021-12-18 20:26:22 [ restartedMain ] ------------------ [ WARN  ] [ c.b.mybatisplus.core.metadata.TableInfoHelper : 333 ] -
                This "id" is the table primary key by @TableId annotation in Class: "com.javaclimb.drug.entity.Owinfo",So @TableField annotation will not work!
2021-12-18 20:26:22 [ restartedMain ] ------------------ [ WARN  ] [ c.b.mybatisplus.core.metadata.TableInfoHelper : 333 ] -
                This "id" is the table primary key by @TableId annotation in Class: "com.javaclimb.drug.entity.Problem",So @TableField annotation will not work!
2021-12-18 20:26:22 [ restartedMain ] ------------------ [ WARN  ] [ c.b.mybatisplus.core.metadata.TableInfoHelper : 333 ] -
                This "id" is the table primary key by @TableId annotation in Class: "com.javaclimb.drug.entity.Returngoods",So @TableField annotation will not work!
2021-12-18 20:26:22 [ restartedMain ] ------------------ [ WARN  ] [ c.b.mybatisplus.core.metadata.TableInfoHelper : 333 ] -
                This "id" is the table primary key by @TableId annotation in Class: "com.javaclimb.drug.entity.Returnsupplier",So @TableField annotation will not work!
2021-12-18 20:26:22 [ restartedMain ] ------------------ [ WARN  ] [ c.b.mybatisplus.core.metadata.TableInfoHelper : 333 ] -
                This "id" is the table primary key by @TableId annotation in Class: "com.javaclimb.drug.entity.Saleinfo",So @TableField annotation will not work!
2021-12-18 20:26:22 [ restartedMain ] ------------------ [ WARN  ] [ c.b.mybatisplus.core.metadata.TableInfoHelper : 333 ] -
                This "id" is the table primary key by @TableId annotation in Class: "com.javaclimb.drug.entity.Supplier",So @TableField annotation will not work!
2021-12-18 20:26:22 [ restartedMain ] ------------------ [ INFO  ] [ org.apache.coyote.http11.Http11NioProtocol : 173 ] -
                Starting ProtocolHandler ["http-nio-8080"]
2021-12-18 20:26:22 [ restartedMain ] ------------------ [ INFO  ] [ com.javaclimb.drug.DrugApplication : 61 ] -
                Started DrugApplication in 2.964 seconds (JVM running for 4.429)
2021-12-18 20:29:09 [ http-nio-8080-exec-1 ] ------------------ [ INFO  ] [ o.a.c.core.ContainerBase.[Tomcat].[localhost].[/] : 173 ] -
                Initializing Spring DispatcherServlet 'dispatcherServlet'
2021-12-18 20:29:09 [ http-nio-8080-exec-1 ] ------------------ [ WARN  ] [ org.apache.catalina.util.SessionIdGeneratorBase : 173 ] -
                Creation of SecureRandom instance for session ID generation using [SHA1PRNG] took [437] milliseconds.
2021-12-18 20:29:16 [ http-nio-8080-exec-9 ] ------------------ [ INFO  ] [ com.alibaba.druid.pool.DruidDataSource : 106 ] -
                {dataSource-1} inited
2021-12-18 20:29:16 [ http-nio-8080-exec-9 ] ------------------ [ DEBUG ] [ com.javaclimb.drug.mapper.UserMapper.selectOne : 143 ] -
                ==>  Preparing: SELECT id,username,password FROM user WHERE (username = ?) 
2021-12-18 20:29:16 [ http-nio-8080-exec-9 ] ------------------ [ DEBUG ] [ com.javaclimb.drug.mapper.UserMapper.selectOne : 143 ] -
                ==> Parameters: zta(String)
2021-12-18 20:29:16 [ http-nio-8080-exec-9 ] ------------------ [ DEBUG ] [ com.javaclimb.drug.mapper.UserMapper.selectOne : 143 ] -
                <==      Total: 1
2021-12-18 20:29:36 [ http-nio-8080-exec-7 ] ------------------ [ DEBUG ] [ com.javaclimb.drug.mapper.OwinfoMapper.selectPage : 143 ] -
                ==>  Preparing: SELECT COUNT(1) FROM owinfo 
2021-12-18 20:29:36 [ http-nio-8080-exec-7 ] ------------------ [ DEBUG ] [ com.javaclimb.drug.mapper.OwinfoMapper.selectPage : 143 ] -
                ==> Parameters: 
2021-12-18 20:29:36 [ http-nio-8080-exec-7 ] ------------------ [ DEBUG ] [ com.javaclimb.drug.mapper.OwinfoMapper.selectPage : 143 ] -
                ==>  Preparing: SELECT id,dname,type,count,operator,createtime FROM owinfo LIMIT ?,? 
2021-12-18 20:29:36 [ http-nio-8080-exec-7 ] ------------------ [ DEBUG ] [ com.javaclimb.drug.mapper.OwinfoMapper.selectPage : 143 ] -
                ==> Parameters: 0(Long), 10(Long)
2021-12-18 20:29:36 [ http-nio-8080-exec-7 ] ------------------ [ DEBUG ] [ com.javaclimb.drug.mapper.OwinfoMapper.selectPage : 143 ] -
                <==      Total: 2
2021-12-18 20:33:49 [ http-nio-8080-exec-8 ] ------------------ [ DEBUG ] [ com.javaclimb.drug.mapper.ProblemMapper.selectPage : 143 ] -
                ==>  Preparing: SELECT COUNT(1) FROM problem 
2021-12-18 20:33:49 [ http-nio-8080-exec-8 ] ------------------ [ DEBUG ] [ com.javaclimb.drug.mapper.ProblemMapper.selectPage : 143 ] -
                ==> Parameters: 
2021-12-18 20:33:49 [ http-nio-8080-exec-8 ] ------------------ [ DEBUG ] [ com.javaclimb.drug.mapper.ProblemMapper.selectPage : 143 ] -
                ==>  Preparing: SELECT id,dname,dcount,dprice,reason,createtime FROM problem LIMIT ?,? 
2021-12-18 20:33:49 [ http-nio-8080-exec-8 ] ------------------ [ DEBUG ] [ com.javaclimb.drug.mapper.ProblemMapper.selectPage : 143 ] -
                ==> Parameters: 0(Long), 10(Long)
2021-12-18 20:33:49 [ http-nio-8080-exec-8 ] ------------------ [ DEBUG ] [ com.javaclimb.drug.mapper.ProblemMapper.selectPage : 143 ] -
                <==      Total: 1
2021-12-18 20:33:59 [ http-nio-8080-exec-9 ] ------------------ [ DEBUG ] [ c.javaclimb.drug.mapper.DruginfoMapper.selectPage : 143 ] -
                ==>  Preparing: SELECT COUNT(1) FROM druginfo 
2021-12-18 20:33:59 [ http-nio-8080-exec-9 ] ------------------ [ DEBUG ] [ c.javaclimb.drug.mapper.DruginfoMapper.selectPage : 143 ] -
                ==> Parameters: 
2021-12-18 20:33:59 [ http-nio-8080-exec-9 ] ------------------ [ DEBUG ] [ c.javaclimb.drug.mapper.DruginfoMapper.selectPage : 143 ] -
                ==>  Preparing: SELECT id,name,supplier,producttime,warrenty,number,price,stock FROM druginfo LIMIT ?,? 
2021-12-18 20:33:59 [ http-nio-8080-exec-9 ] ------------------ [ DEBUG ] [ c.javaclimb.drug.mapper.DruginfoMapper.selectPage : 143 ] -
                ==> Parameters: 0(Long), 10(Long)
2021-12-18 20:33:59 [ http-nio-8080-exec-9 ] ------------------ [ DEBUG ] [ c.javaclimb.drug.mapper.DruginfoMapper.selectPage : 143 ] -
                <==      Total: 4
2021-12-18 20:34:16 [ http-nio-8080-exec-4 ] ------------------ [ DEBUG ] [ c.javaclimb.drug.mapper.SaleinfoMapper.selectPage : 143 ] -
                ==>  Preparing: SELECT COUNT(1) FROM saleinfo 
2021-12-18 20:34:16 [ http-nio-8080-exec-4 ] ------------------ [ DEBUG ] [ c.javaclimb.drug.mapper.SaleinfoMapper.selectPage : 143 ] -
                ==> Parameters: 
2021-12-18 20:34:16 [ http-nio-8080-exec-4 ] ------------------ [ DEBUG ] [ c.javaclimb.drug.mapper.SaleinfoMapper.selectPage : 143 ] -
                ==>  Preparing: SELECT id,dname,dnumber,count,total,operator,operatetime FROM saleinfo LIMIT ?,? 
2021-12-18 20:34:16 [ http-nio-8080-exec-4 ] ------------------ [ DEBUG ] [ c.javaclimb.drug.mapper.SaleinfoMapper.selectPage : 143 ] -
                ==> Parameters: 0(Long), 10(Long)
2021-12-18 20:34:16 [ http-nio-8080-exec-4 ] ------------------ [ DEBUG ] [ c.javaclimb.drug.mapper.SaleinfoMapper.selectPage : 143 ] -
                <==      Total: 2
2021-12-18 20:34:35 [ http-nio-8080-exec-7 ] ------------------ [ DEBUG ] [ c.j.drug.mapper.ReturngoodsMapper.selectPage : 143 ] -
                ==>  Preparing: SELECT COUNT(1) FROM returngoods 
2021-12-18 20:34:35 [ http-nio-8080-exec-7 ] ------------------ [ DEBUG ] [ c.j.drug.mapper.ReturngoodsMapper.selectPage : 143 ] -
                ==> Parameters: 
2021-12-18 20:34:35 [ http-nio-8080-exec-7 ] ------------------ [ DEBUG ] [ c.j.drug.mapper.ReturngoodsMapper.selectPage : 143 ] -
                ==>  Preparing: SELECT id,dname,count,reason,total,operatetime FROM returngoods LIMIT ?,? 
2021-12-18 20:34:35 [ http-nio-8080-exec-7 ] ------------------ [ DEBUG ] [ c.j.drug.mapper.ReturngoodsMapper.selectPage : 143 ] -
                ==> Parameters: 0(Long), 10(Long)
2021-12-18 20:34:35 [ http-nio-8080-exec-7 ] ------------------ [ DEBUG ] [ c.j.drug.mapper.ReturngoodsMapper.selectPage : 143 ] -
                <==      Total: 1
2021-12-18 20:35:44 [ http-nio-8080-exec-5 ] ------------------ [ DEBUG ] [ c.javaclimb.drug.mapper.DruginfoMapper.selectPage : 143 ] -
                ==>  Preparing: SELECT COUNT(1) FROM druginfo 
2021-12-18 20:35:44 [ http-nio-8080-exec-5 ] ------------------ [ DEBUG ] [ c.javaclimb.drug.mapper.DruginfoMapper.selectPage : 143 ] -
                ==> Parameters: 
2021-12-18 20:35:44 [ http-nio-8080-exec-5 ] ------------------ [ DEBUG ] [ c.javaclimb.drug.mapper.DruginfoMapper.selectPage : 143 ] -
                ==>  Preparing: SELECT id,name,supplier,producttime,warrenty,number,price,stock FROM druginfo LIMIT ?,? 
2021-12-18 20:35:44 [ http-nio-8080-exec-5 ] ------------------ [ DEBUG ] [ c.javaclimb.drug.mapper.DruginfoMapper.selectPage : 143 ] -
                ==> Parameters: 0(Long), 10(Long)
2021-12-18 20:35:45 [ http-nio-8080-exec-5 ] ------------------ [ DEBUG ] [ c.javaclimb.drug.mapper.DruginfoMapper.selectPage : 143 ] -
                <==      Total: 4
2021-12-18 20:35:53 [ http-nio-8080-exec-3 ] ------------------ [ DEBUG ] [ c.javaclimb.drug.mapper.SupplierMapper.selectPage : 143 ] -
                ==>  Preparing: SELECT COUNT(1) FROM supplier 
2021-12-18 20:35:53 [ http-nio-8080-exec-3 ] ------------------ [ DEBUG ] [ c.javaclimb.drug.mapper.SupplierMapper.selectPage : 143 ] -
                ==> Parameters: 
2021-12-18 20:35:53 [ http-nio-8080-exec-3 ] ------------------ [ DEBUG ] [ c.javaclimb.drug.mapper.SupplierMapper.selectPage : 143 ] -
                ==>  Preparing: SELECT id,name,content,createtime FROM supplier LIMIT ?,? 
2021-12-18 20:35:53 [ http-nio-8080-exec-3 ] ------------------ [ DEBUG ] [ c.javaclimb.drug.mapper.SupplierMapper.selectPage : 143 ] -
                ==> Parameters: 0(Long), 10(Long)
2021-12-18 20:35:53 [ http-nio-8080-exec-3 ] ------------------ [ DEBUG ] [ c.javaclimb.drug.mapper.SupplierMapper.selectPage : 143 ] -
                <==      Total: 3
2021-12-18 20:36:04 [ http-nio-8080-exec-10 ] ------------------ [ DEBUG ] [ c.j.drug.mapper.ReturnsupplierMapper.selectPage : 143 ] -
                ==>  Preparing: SELECT COUNT(1) FROM returnsupplier 
2021-12-18 20:36:04 [ http-nio-8080-exec-10 ] ------------------ [ DEBUG ] [ c.j.drug.mapper.ReturnsupplierMapper.selectPage : 143 ] -
                ==> Parameters: 
2021-12-18 20:36:04 [ http-nio-8080-exec-10 ] ------------------ [ DEBUG ] [ c.j.drug.mapper.ReturnsupplierMapper.selectPage : 143 ] -
                ==>  Preparing: SELECT id,dname,dcount,sname,buytime,reason,createtime FROM returnsupplier LIMIT ?,? 
2021-12-18 20:36:04 [ http-nio-8080-exec-10 ] ------------------ [ DEBUG ] [ c.j.drug.mapper.ReturnsupplierMapper.selectPage : 143 ] -
                ==> Parameters: 0(Long), 10(Long)
2021-12-18 20:36:04 [ http-nio-8080-exec-10 ] ------------------ [ DEBUG ] [ c.j.drug.mapper.ReturnsupplierMapper.selectPage : 143 ] -
                <==      Total: 1
2021-12-18 20:36:31 [ http-nio-8080-exec-8 ] ------------------ [ DEBUG ] [ c.javaclimb.drug.mapper.SupplierMapper.selectPage : 143 ] -
                ==>  Preparing: SELECT COUNT(1) FROM supplier 
2021-12-18 20:36:31 [ http-nio-8080-exec-8 ] ------------------ [ DEBUG ] [ c.javaclimb.drug.mapper.SupplierMapper.selectPage : 143 ] -
                ==> Parameters: 
2021-12-18 20:36:31 [ http-nio-8080-exec-8 ] ------------------ [ DEBUG ] [ c.javaclimb.drug.mapper.SupplierMapper.selectPage : 143 ] -
                ==>  Preparing: SELECT id,name,content,createtime FROM supplier LIMIT ?,? 
2021-12-18 20:36:31 [ http-nio-8080-exec-8 ] ------------------ [ DEBUG ] [ c.javaclimb.drug.mapper.SupplierMapper.selectPage : 143 ] -
                ==> Parameters: 0(Long), 10(Long)
2021-12-18 20:36:31 [ http-nio-8080-exec-8 ] ------------------ [ DEBUG ] [ c.javaclimb.drug.mapper.SupplierMapper.selectPage : 143 ] -
                <==      Total: 3
2021-12-18 21:48:48 [ http-nio-8080-exec-9 ] ------------------ [ DEBUG ] [ com.javaclimb.drug.mapper.UserMapper.selectOne : 143 ] -
                ==>  Preparing: SELECT id,username,password FROM user WHERE (username = ?) 
2021-12-18 21:48:48 [ http-nio-8080-exec-9 ] ------------------ [ DEBUG ] [ com.javaclimb.drug.mapper.UserMapper.selectOne : 143 ] -
                ==> Parameters: zta(String)
2021-12-18 21:48:48 [ http-nio-8080-exec-9 ] ------------------ [ DEBUG ] [ com.javaclimb.drug.mapper.UserMapper.selectOne : 143 ] -
                <==      Total: 1
2021-12-18 21:48:53 [ http-nio-8080-exec-1 ] ------------------ [ DEBUG ] [ com.javaclimb.drug.mapper.ProblemMapper.selectPage : 143 ] -
                ==>  Preparing: SELECT COUNT(1) FROM problem 
2021-12-18 21:48:53 [ http-nio-8080-exec-1 ] ------------------ [ DEBUG ] [ com.javaclimb.drug.mapper.ProblemMapper.selectPage : 143 ] -
                ==> Parameters: 
2021-12-18 21:48:53 [ http-nio-8080-exec-1 ] ------------------ [ DEBUG ] [ com.javaclimb.drug.mapper.ProblemMapper.selectPage : 143 ] -
                ==>  Preparing: SELECT id,dname,dcount,dprice,reason,createtime FROM problem LIMIT ?,? 
2021-12-18 21:48:53 [ http-nio-8080-exec-1 ] ------------------ [ DEBUG ] [ com.javaclimb.drug.mapper.ProblemMapper.selectPage : 143 ] -
                ==> Parameters: 0(Long), 10(Long)
2021-12-18 21:48:53 [ http-nio-8080-exec-1 ] ------------------ [ DEBUG ] [ com.javaclimb.drug.mapper.ProblemMapper.selectPage : 143 ] -
                <==      Total: 1
2021-12-18 21:48:53 [ http-nio-8080-exec-10 ] ------------------ [ DEBUG ] [ com.javaclimb.drug.mapper.OwinfoMapper.selectPage : 143 ] -
                ==>  Preparing: SELECT COUNT(1) FROM owinfo 
2021-12-18 21:48:53 [ http-nio-8080-exec-10 ] ------------------ [ DEBUG ] [ com.javaclimb.drug.mapper.OwinfoMapper.selectPage : 143 ] -
                ==> Parameters: 
2021-12-18 21:48:53 [ http-nio-8080-exec-10 ] ------------------ [ DEBUG ] [ com.javaclimb.drug.mapper.OwinfoMapper.selectPage : 143 ] -
                ==>  Preparing: SELECT id,dname,type,count,operator,createtime FROM owinfo LIMIT ?,? 
2021-12-18 21:48:53 [ http-nio-8080-exec-10 ] ------------------ [ DEBUG ] [ com.javaclimb.drug.mapper.OwinfoMapper.selectPage : 143 ] -
                ==> Parameters: 0(Long), 10(Long)
2021-12-18 21:48:53 [ http-nio-8080-exec-10 ] ------------------ [ DEBUG ] [ com.javaclimb.drug.mapper.OwinfoMapper.selectPage : 143 ] -
                <==      Total: 2
2021-12-18 21:48:54 [ http-nio-8080-exec-6 ] ------------------ [ DEBUG ] [ c.javaclimb.drug.mapper.DruginfoMapper.selectPage : 143 ] -
                ==>  Preparing: SELECT COUNT(1) FROM druginfo 
2021-12-18 21:48:54 [ http-nio-8080-exec-6 ] ------------------ [ DEBUG ] [ c.javaclimb.drug.mapper.DruginfoMapper.selectPage : 143 ] -
                ==> Parameters: 
2021-12-18 21:48:54 [ http-nio-8080-exec-6 ] ------------------ [ DEBUG ] [ c.javaclimb.drug.mapper.DruginfoMapper.selectPage : 143 ] -
                ==>  Preparing: SELECT id,name,supplier,producttime,warrenty,number,price,stock FROM druginfo LIMIT ?,? 
2021-12-18 21:48:54 [ http-nio-8080-exec-6 ] ------------------ [ DEBUG ] [ c.javaclimb.drug.mapper.DruginfoMapper.selectPage : 143 ] -
                ==> Parameters: 0(Long), 10(Long)
2021-12-18 21:48:54 [ http-nio-8080-exec-6 ] ------------------ [ DEBUG ] [ c.javaclimb.drug.mapper.DruginfoMapper.selectPage : 143 ] -
                <==      Total: 4
2021-12-18 21:48:55 [ http-nio-8080-exec-2 ] ------------------ [ DEBUG ] [ c.javaclimb.drug.mapper.SaleinfoMapper.selectPage : 143 ] -
                ==>  Preparing: SELECT COUNT(1) FROM saleinfo 
2021-12-18 21:48:55 [ http-nio-8080-exec-2 ] ------------------ [ DEBUG ] [ c.javaclimb.drug.mapper.SaleinfoMapper.selectPage : 143 ] -
                ==> Parameters: 
2021-12-18 21:48:55 [ http-nio-8080-exec-2 ] ------------------ [ DEBUG ] [ c.javaclimb.drug.mapper.SaleinfoMapper.selectPage : 143 ] -
                ==>  Preparing: SELECT id,dname,dnumber,count,total,operator,operatetime FROM saleinfo LIMIT ?,? 
2021-12-18 21:48:55 [ http-nio-8080-exec-2 ] ------------------ [ DEBUG ] [ c.javaclimb.drug.mapper.SaleinfoMapper.selectPage : 143 ] -
                ==> Parameters: 0(Long), 10(Long)
2021-12-18 21:48:55 [ http-nio-8080-exec-2 ] ------------------ [ DEBUG ] [ c.javaclimb.drug.mapper.SaleinfoMapper.selectPage : 143 ] -
                <==      Total: 2
2021-12-18 21:48:55 [ http-nio-8080-exec-8 ] ------------------ [ DEBUG ] [ c.j.drug.mapper.ReturngoodsMapper.selectPage : 143 ] -
                ==>  Preparing: SELECT COUNT(1) FROM returngoods 
2021-12-18 21:48:55 [ http-nio-8080-exec-8 ] ------------------ [ DEBUG ] [ c.j.drug.mapper.ReturngoodsMapper.selectPage : 143 ] -
                ==> Parameters: 
2021-12-18 21:48:55 [ http-nio-8080-exec-8 ] ------------------ [ DEBUG ] [ c.j.drug.mapper.ReturngoodsMapper.selectPage : 143 ] -
                ==>  Preparing: SELECT id,dname,count,reason,total,operatetime FROM returngoods LIMIT ?,? 
2021-12-18 21:48:55 [ http-nio-8080-exec-8 ] ------------------ [ DEBUG ] [ c.j.drug.mapper.ReturngoodsMapper.selectPage : 143 ] -
                ==> Parameters: 0(Long), 10(Long)
2021-12-18 21:48:55 [ http-nio-8080-exec-8 ] ------------------ [ DEBUG ] [ c.j.drug.mapper.ReturngoodsMapper.selectPage : 143 ] -
                <==      Total: 1
2021-12-18 21:48:56 [ http-nio-8080-exec-3 ] ------------------ [ DEBUG ] [ c.javaclimb.drug.mapper.DruginfoMapper.selectPage : 143 ] -
                ==>  Preparing: SELECT COUNT(1) FROM druginfo 
2021-12-18 21:48:56 [ http-nio-8080-exec-3 ] ------------------ [ DEBUG ] [ c.javaclimb.drug.mapper.DruginfoMapper.selectPage : 143 ] -
                ==> Parameters: 
2021-12-18 21:48:56 [ http-nio-8080-exec-3 ] ------------------ [ DEBUG ] [ c.javaclimb.drug.mapper.DruginfoMapper.selectPage : 143 ] -
                ==>  Preparing: SELECT id,name,supplier,producttime,warrenty,number,price,stock FROM druginfo LIMIT ?,? 
2021-12-18 21:48:56 [ http-nio-8080-exec-3 ] ------------------ [ DEBUG ] [ c.javaclimb.drug.mapper.DruginfoMapper.selectPage : 143 ] -
                ==> Parameters: 0(Long), 10(Long)
2021-12-18 21:48:56 [ http-nio-8080-exec-3 ] ------------------ [ DEBUG ] [ c.javaclimb.drug.mapper.DruginfoMapper.selectPage : 143 ] -
                <==      Total: 4
2021-12-18 21:48:56 [ http-nio-8080-exec-5 ] ------------------ [ DEBUG ] [ c.javaclimb.drug.mapper.SupplierMapper.selectPage : 143 ] -
                ==>  Preparing: SELECT COUNT(1) FROM supplier 
2021-12-18 21:48:56 [ http-nio-8080-exec-5 ] ------------------ [ DEBUG ] [ c.javaclimb.drug.mapper.SupplierMapper.selectPage : 143 ] -
                ==> Parameters: 
2021-12-18 21:48:56 [ http-nio-8080-exec-5 ] ------------------ [ DEBUG ] [ c.javaclimb.drug.mapper.SupplierMapper.selectPage : 143 ] -
                ==>  Preparing: SELECT id,name,content,createtime FROM supplier LIMIT ?,? 
2021-12-18 21:48:56 [ http-nio-8080-exec-5 ] ------------------ [ DEBUG ] [ c.javaclimb.drug.mapper.SupplierMapper.selectPage : 143 ] -
                ==> Parameters: 0(Long), 10(Long)
2021-12-18 21:48:56 [ http-nio-8080-exec-5 ] ------------------ [ DEBUG ] [ c.javaclimb.drug.mapper.SupplierMapper.selectPage : 143 ] -
                <==      Total: 3
2021-12-18 21:48:57 [ http-nio-8080-exec-4 ] ------------------ [ DEBUG ] [ c.j.drug.mapper.ReturnsupplierMapper.selectPage : 143 ] -
                ==>  Preparing: SELECT COUNT(1) FROM returnsupplier 
2021-12-18 21:48:57 [ http-nio-8080-exec-4 ] ------------------ [ DEBUG ] [ c.j.drug.mapper.ReturnsupplierMapper.selectPage : 143 ] -
                ==> Parameters: 
2021-12-18 21:48:57 [ http-nio-8080-exec-4 ] ------------------ [ DEBUG ] [ c.j.drug.mapper.ReturnsupplierMapper.selectPage : 143 ] -
                ==>  Preparing: SELECT id,dname,dcount,sname,buytime,reason,createtime FROM returnsupplier LIMIT ?,? 
2021-12-18 21:48:57 [ http-nio-8080-exec-4 ] ------------------ [ DEBUG ] [ c.j.drug.mapper.ReturnsupplierMapper.selectPage : 143 ] -
                ==> Parameters: 0(Long), 10(Long)
2021-12-18 21:48:57 [ http-nio-8080-exec-4 ] ------------------ [ DEBUG ] [ c.j.drug.mapper.ReturnsupplierMapper.selectPage : 143 ] -
                <==      Total: 1
2021-12-18 22:46:30 [ http-nio-8080-exec-7 ] ------------------ [ DEBUG ] [ com.javaclimb.drug.mapper.UserMapper.selectOne : 143 ] -
                ==>  Preparing: SELECT id,username,password FROM user WHERE (username = ?) 
2021-12-18 22:46:30 [ http-nio-8080-exec-7 ] ------------------ [ DEBUG ] [ com.javaclimb.drug.mapper.UserMapper.selectOne : 143 ] -
                ==> Parameters: zta(String)
2021-12-18 22:46:30 [ http-nio-8080-exec-7 ] ------------------ [ DEBUG ] [ com.javaclimb.drug.mapper.UserMapper.selectOne : 143 ] -
                <==      Total: 1
2021-12-18 22:46:36 [ http-nio-8080-exec-8 ] ------------------ [ DEBUG ] [ com.javaclimb.drug.mapper.ProblemMapper.selectPage : 143 ] -
                ==>  Preparing: SELECT COUNT(1) FROM problem 
2021-12-18 22:46:36 [ http-nio-8080-exec-8 ] ------------------ [ DEBUG ] [ com.javaclimb.drug.mapper.ProblemMapper.selectPage : 143 ] -
                ==> Parameters: 
2021-12-18 22:46:36 [ http-nio-8080-exec-8 ] ------------------ [ DEBUG ] [ com.javaclimb.drug.mapper.ProblemMapper.selectPage : 143 ] -
                ==>  Preparing: SELECT id,dname,dcount,dprice,reason,createtime FROM problem LIMIT ?,? 
2021-12-18 22:46:36 [ http-nio-8080-exec-8 ] ------------------ [ DEBUG ] [ com.javaclimb.drug.mapper.ProblemMapper.selectPage : 143 ] -
                ==> Parameters: 0(Long), 10(Long)
2021-12-18 22:46:36 [ http-nio-8080-exec-8 ] ------------------ [ DEBUG ] [ com.javaclimb.drug.mapper.ProblemMapper.selectPage : 143 ] -
                <==      Total: 1
2021-12-18 22:46:36 [ http-nio-8080-exec-6 ] ------------------ [ DEBUG ] [ c.javaclimb.drug.mapper.DruginfoMapper.selectPage : 143 ] -
                ==>  Preparing: SELECT COUNT(1) FROM druginfo 
2021-12-18 22:46:36 [ http-nio-8080-exec-6 ] ------------------ [ DEBUG ] [ c.javaclimb.drug.mapper.DruginfoMapper.selectPage : 143 ] -
                ==> Parameters: 
2021-12-18 22:46:36 [ http-nio-8080-exec-6 ] ------------------ [ DEBUG ] [ c.javaclimb.drug.mapper.DruginfoMapper.selectPage : 143 ] -
                ==>  Preparing: SELECT id,name,supplier,producttime,warrenty,number,price,stock FROM druginfo LIMIT ?,? 
2021-12-18 22:46:36 [ http-nio-8080-exec-6 ] ------------------ [ DEBUG ] [ c.javaclimb.drug.mapper.DruginfoMapper.selectPage : 143 ] -
                ==> Parameters: 0(Long), 10(Long)
2021-12-18 22:46:36 [ http-nio-8080-exec-6 ] ------------------ [ DEBUG ] [ c.javaclimb.drug.mapper.DruginfoMapper.selectPage : 143 ] -
                <==      Total: 4
2021-12-18 22:46:39 [ http-nio-8080-exec-2 ] ------------------ [ DEBUG ] [ c.javaclimb.drug.mapper.DruginfoMapper.selectPage : 143 ] -
                ==>  Preparing: SELECT COUNT(1) FROM druginfo 
2021-12-18 22:46:39 [ http-nio-8080-exec-2 ] ------------------ [ DEBUG ] [ c.javaclimb.drug.mapper.DruginfoMapper.selectPage : 143 ] -
                ==> Parameters: 
2021-12-18 22:46:39 [ http-nio-8080-exec-2 ] ------------------ [ DEBUG ] [ c.javaclimb.drug.mapper.DruginfoMapper.selectPage : 143 ] -
                ==>  Preparing: SELECT id,name,supplier,producttime,warrenty,number,price,stock FROM druginfo LIMIT ?,? 
2021-12-18 22:46:39 [ http-nio-8080-exec-2 ] ------------------ [ DEBUG ] [ c.javaclimb.drug.mapper.DruginfoMapper.selectPage : 143 ] -
                ==> Parameters: 0(Long), 10(Long)
2021-12-18 22:46:39 [ http-nio-8080-exec-2 ] ------------------ [ DEBUG ] [ c.javaclimb.drug.mapper.DruginfoMapper.selectPage : 143 ] -
                <==      Total: 4
2021-12-18 22:46:46 [ http-nio-8080-exec-10 ] ------------------ [ DEBUG ] [ c.javaclimb.drug.mapper.SupplierMapper.selectList : 143 ] -
                ==>  Preparing: SELECT id,name,content,createtime FROM supplier 
2021-12-18 22:46:46 [ http-nio-8080-exec-10 ] ------------------ [ DEBUG ] [ c.javaclimb.drug.mapper.SupplierMapper.selectList : 143 ] -
                ==> Parameters: 
2021-12-18 22:46:46 [ http-nio-8080-exec-10 ] ------------------ [ DEBUG ] [ c.javaclimb.drug.mapper.SupplierMapper.selectList : 143 ] -
                <==      Total: 3
2021-12-18 22:46:48 [ http-nio-8080-exec-4 ] ------------------ [ DEBUG ] [ c.javaclimb.drug.mapper.DruginfoMapper.selectById : 143 ] -
                ==>  Preparing: SELECT id,name,supplier,producttime,warrenty,number,price,stock FROM druginfo WHERE id=? 
2021-12-18 22:46:48 [ http-nio-8080-exec-4 ] ------------------ [ DEBUG ] [ c.javaclimb.drug.mapper.DruginfoMapper.selectById : 143 ] -
                ==> Parameters: 2(Integer)
2021-12-18 22:46:49 [ http-nio-8080-exec-4 ] ------------------ [ DEBUG ] [ c.javaclimb.drug.mapper.DruginfoMapper.selectById : 143 ] -
                <==      Total: 1
2021-12-18 22:46:49 [ http-nio-8080-exec-4 ] ------------------ [ DEBUG ] [ c.javaclimb.drug.mapper.SupplierMapper.selectList : 143 ] -
                ==>  Preparing: SELECT id,name,content,createtime FROM supplier 
2021-12-18 22:46:49 [ http-nio-8080-exec-4 ] ------------------ [ DEBUG ] [ c.javaclimb.drug.mapper.SupplierMapper.selectList : 143 ] -
                ==> Parameters: 
2021-12-18 22:46:49 [ http-nio-8080-exec-4 ] ------------------ [ DEBUG ] [ c.javaclimb.drug.mapper.SupplierMapper.selectList : 143 ] -
                <==      Total: 3
2021-12-18 22:46:52 [ http-nio-8080-exec-3 ] ------------------ [ DEBUG ] [ c.javaclimb.drug.mapper.DruginfoMapper.updateById : 143 ] -
                ==>  Preparing: UPDATE druginfo SET name=?, supplier=?, producttime=?, warrenty=?, number=?, price=?, stock=? WHERE id=? 
2021-12-18 22:46:52 [ http-nio-8080-exec-3 ] ------------------ [ DEBUG ] [ c.javaclimb.drug.mapper.DruginfoMapper.updateById : 143 ] -
                ==> Parameters: 感冒灵(String), 云南白药(String), 2021-11-25 00:00:00.0(Timestamp), 22(String), 1001(String), 22.5(Float), 50(Integer), 2(Integer)
2021-12-18 22:46:52 [ http-nio-8080-exec-3 ] ------------------ [ DEBUG ] [ c.javaclimb.drug.mapper.DruginfoMapper.updateById : 143 ] -
                <==    Updates: 1
2021-12-18 22:46:52 [ http-nio-8080-exec-1 ] ------------------ [ DEBUG ] [ c.javaclimb.drug.mapper.DruginfoMapper.selectPage : 143 ] -
                ==>  Preparing: SELECT COUNT(1) FROM druginfo 
2021-12-18 22:46:52 [ http-nio-8080-exec-1 ] ------------------ [ DEBUG ] [ c.javaclimb.drug.mapper.DruginfoMapper.selectPage : 143 ] -
                ==> Parameters: 
2021-12-18 22:46:52 [ http-nio-8080-exec-1 ] ------------------ [ DEBUG ] [ c.javaclimb.drug.mapper.DruginfoMapper.selectPage : 143 ] -
                ==>  Preparing: SELECT id,name,supplier,producttime,warrenty,number,price,stock FROM druginfo LIMIT ?,? 
2021-12-18 22:46:52 [ http-nio-8080-exec-1 ] ------------------ [ DEBUG ] [ c.javaclimb.drug.mapper.DruginfoMapper.selectPage : 143 ] -
                ==> Parameters: 0(Long), 10(Long)
2021-12-18 22:46:52 [ http-nio-8080-exec-1 ] ------------------ [ DEBUG ] [ c.javaclimb.drug.mapper.DruginfoMapper.selectPage : 143 ] -
                <==      Total: 4
2021-12-18 22:50:46 [ http-nio-8080-exec-9 ] ------------------ [ DEBUG ] [ c.javaclimb.drug.mapper.SupplierMapper.selectPage : 143 ] -
                ==>  Preparing: SELECT COUNT(1) FROM supplier 
2021-12-18 22:50:46 [ http-nio-8080-exec-9 ] ------------------ [ DEBUG ] [ c.javaclimb.drug.mapper.SupplierMapper.selectPage : 143 ] -
                ==> Parameters: 
2021-12-18 22:50:46 [ http-nio-8080-exec-9 ] ------------------ [ DEBUG ] [ c.javaclimb.drug.mapper.SupplierMapper.selectPage : 143 ] -
                ==>  Preparing: SELECT id,name,content,createtime FROM supplier LIMIT ?,? 
2021-12-18 22:50:46 [ http-nio-8080-exec-9 ] ------------------ [ DEBUG ] [ c.javaclimb.drug.mapper.SupplierMapper.selectPage : 143 ] -
                ==> Parameters: 0(Long), 10(Long)
2021-12-18 22:50:46 [ http-nio-8080-exec-9 ] ------------------ [ DEBUG ] [ c.javaclimb.drug.mapper.SupplierMapper.selectPage : 143 ] -
                <==      Total: 3
2021-12-18 22:50:46 [ http-nio-8080-exec-1 ] ------------------ [ DEBUG ] [ c.j.drug.mapper.ReturnsupplierMapper.selectPage : 143 ] -
                ==>  Preparing: SELECT COUNT(1) FROM returnsupplier 
2021-12-18 22:50:46 [ http-nio-8080-exec-1 ] ------------------ [ DEBUG ] [ c.j.drug.mapper.ReturnsupplierMapper.selectPage : 143 ] -
                ==> Parameters: 
2021-12-18 22:50:46 [ http-nio-8080-exec-1 ] ------------------ [ DEBUG ] [ c.j.drug.mapper.ReturnsupplierMapper.selectPage : 143 ] -
                ==>  Preparing: SELECT id,dname,dcount,sname,buytime,reason,createtime FROM returnsupplier LIMIT ?,? 
2021-12-18 22:50:46 [ http-nio-8080-exec-1 ] ------------------ [ DEBUG ] [ c.j.drug.mapper.ReturnsupplierMapper.selectPage : 143 ] -
                ==> Parameters: 0(Long), 10(Long)
2021-12-18 22:50:46 [ http-nio-8080-exec-1 ] ------------------ [ DEBUG ] [ c.j.drug.mapper.ReturnsupplierMapper.selectPage : 143 ] -
                <==      Total: 1
