2021-12-23 04:22:37 [ restartedMain ] ------------------ [ INFO  ] [ com.javaclimb.drug.DrugApplication : 55 ] -
                Starting DrugApplication using Java 11.0.11 on LAPTOP-4MVI9LIV with PID 15672 (D:\springboot医院管理系统自制\医院药品管理系统\医院管理系统\target\classes started by A in D:\springboot医院管理系统自制\医院药品管理系统\医院管理系统)
2021-12-23 04:22:37 [ restartedMain ] ------------------ [ DEBUG ] [ com.javaclimb.drug.DrugApplication : 56 ] -
                Running with Spring Boot v2.4.2, Spring v5.3.3
2021-12-23 04:22:37 [ restartedMain ] ------------------ [ INFO  ] [ com.javaclimb.drug.DrugApplication : 660 ] -
                No active profile set, falling back to default profiles: default
2021-12-23 04:22:38 [ restartedMain ] ------------------ [ WARN  ] [ c.b.mybatisplus.core.metadata.TableInfoHelper : 333 ] -
                This "id" is the table primary key by @TableId annotation in Class: "com.javaclimb.drug.entity.User",So @TableField annotation will not work!
2021-12-23 04:22:39 [ restartedMain ] ------------------ [ INFO  ] [ org.apache.coyote.http11.Http11NioProtocol : 173 ] -
                Initializing ProtocolHandler ["http-nio-8080"]
2021-12-23 04:22:39 [ restartedMain ] ------------------ [ INFO  ] [ org.apache.catalina.core.StandardService : 173 ] -
                Starting service [Tomcat]
2021-12-23 04:22:39 [ restartedMain ] ------------------ [ INFO  ] [ org.apache.catalina.core.StandardEngine : 173 ] -
                Starting Servlet engine: [Apache Tomcat/9.0.41]
2021-12-23 04:22:39 [ restartedMain ] ------------------ [ INFO  ] [ o.a.c.core.ContainerBase.[Tomcat].[localhost].[/] : 173 ] -
                Initializing Spring embedded WebApplicationContext
2021-12-23 04:22:39 [ restartedMain ] ------------------ [ WARN  ] [ c.b.mybatisplus.core.metadata.TableInfoHelper : 333 ] -
                This "id" is the table primary key by @TableId annotation in Class: "com.javaclimb.drug.entity.Billinfo",So @TableField annotation will not work!
2021-12-23 04:22:39 [ restartedMain ] ------------------ [ WARN  ] [ c.b.mybatisplus.core.metadata.TableInfoHelper : 333 ] -
                This "id" is the table primary key by @TableId annotation in Class: "com.javaclimb.drug.entity.Druginfo",So @TableField annotation will not work!
2021-12-23 04:22:39 [ restartedMain ] ------------------ [ WARN  ] [ c.b.mybatisplus.core.metadata.TableInfoHelper : 333 ] -
                This "id" is the table primary key by @TableId annotation in Class: "com.javaclimb.drug.entity.Owinfo",So @TableField annotation will not work!
2021-12-23 04:22:39 [ restartedMain ] ------------------ [ WARN  ] [ c.b.mybatisplus.core.metadata.TableInfoHelper : 333 ] -
                This "id" is the table primary key by @TableId annotation in Class: "com.javaclimb.drug.entity.Problem",So @TableField annotation will not work!
2021-12-23 04:22:39 [ restartedMain ] ------------------ [ WARN  ] [ c.b.mybatisplus.core.metadata.TableInfoHelper : 333 ] -
                This "id" is the table primary key by @TableId annotation in Class: "com.javaclimb.drug.entity.Returngoods",So @TableField annotation will not work!
2021-12-23 04:22:39 [ restartedMain ] ------------------ [ WARN  ] [ c.b.mybatisplus.core.metadata.TableInfoHelper : 333 ] -
                This "id" is the table primary key by @TableId annotation in Class: "com.javaclimb.drug.entity.Returnsupplier",So @TableField annotation will not work!
2021-12-23 04:22:39 [ restartedMain ] ------------------ [ WARN  ] [ c.b.mybatisplus.core.metadata.TableInfoHelper : 333 ] -
                This "id" is the table primary key by @TableId annotation in Class: "com.javaclimb.drug.entity.Saleinfo",So @TableField annotation will not work!
2021-12-23 04:22:39 [ restartedMain ] ------------------ [ WARN  ] [ c.b.mybatisplus.core.metadata.TableInfoHelper : 333 ] -
                This "id" is the table primary key by @TableId annotation in Class: "com.javaclimb.drug.entity.Supplier",So @TableField annotation will not work!
2021-12-23 04:22:39 [ restartedMain ] ------------------ [ INFO  ] [ org.apache.coyote.http11.Http11NioProtocol : 173 ] -
                Starting ProtocolHandler ["http-nio-8080"]
2021-12-23 04:22:39 [ restartedMain ] ------------------ [ INFO  ] [ com.javaclimb.drug.DrugApplication : 61 ] -
                Started DrugApplication in 3.113 seconds (JVM running for 4.594)
2021-12-23 04:22:46 [ http-nio-8080-exec-1 ] ------------------ [ INFO  ] [ o.a.c.core.ContainerBase.[Tomcat].[localhost].[/] : 173 ] -
                Initializing Spring DispatcherServlet 'dispatcherServlet'
2021-12-23 04:22:47 [ http-nio-8080-exec-1 ] ------------------ [ WARN  ] [ org.apache.catalina.util.SessionIdGeneratorBase : 173 ] -
                Creation of SecureRandom instance for session ID generation using [SHA1PRNG] took [472] milliseconds.
2021-12-23 04:22:56 [ http-nio-8080-exec-9 ] ------------------ [ INFO  ] [ com.alibaba.druid.pool.DruidDataSource : 106 ] -
                {dataSource-1} inited
2021-12-23 04:22:56 [ http-nio-8080-exec-9 ] ------------------ [ DEBUG ] [ com.javaclimb.drug.mapper.UserMapper.selectOne : 143 ] -
                ==>  Preparing: SELECT id,username,password FROM user WHERE (username = ?) 
2021-12-23 04:22:56 [ http-nio-8080-exec-9 ] ------------------ [ DEBUG ] [ com.javaclimb.drug.mapper.UserMapper.selectOne : 143 ] -
                ==> Parameters: zta(String)
2021-12-23 04:22:56 [ http-nio-8080-exec-9 ] ------------------ [ DEBUG ] [ com.javaclimb.drug.mapper.UserMapper.selectOne : 143 ] -
                <==      Total: 1
2021-12-23 04:23:02 [ http-nio-8080-exec-8 ] ------------------ [ DEBUG ] [ c.j.drug.mapper.ReturngoodsMapper.selectPage : 143 ] -
                ==>  Preparing: SELECT COUNT(1) FROM returngoods 
2021-12-23 04:23:02 [ http-nio-8080-exec-8 ] ------------------ [ DEBUG ] [ c.j.drug.mapper.ReturngoodsMapper.selectPage : 143 ] -
                ==> Parameters: 
2021-12-23 04:23:02 [ http-nio-8080-exec-8 ] ------------------ [ DEBUG ] [ c.j.drug.mapper.ReturngoodsMapper.selectPage : 143 ] -
                ==>  Preparing: SELECT id,dname,count,reason,total,operatetime FROM returngoods LIMIT ?,? 
2021-12-23 04:23:02 [ http-nio-8080-exec-8 ] ------------------ [ DEBUG ] [ c.j.drug.mapper.ReturngoodsMapper.selectPage : 143 ] -
                ==> Parameters: 0(Long), 10(Long)
2021-12-23 04:23:02 [ http-nio-8080-exec-8 ] ------------------ [ DEBUG ] [ c.j.drug.mapper.ReturngoodsMapper.selectPage : 143 ] -
                <==      Total: 1
2021-12-23 04:23:03 [ http-nio-8080-exec-9 ] ------------------ [ DEBUG ] [ c.javaclimb.drug.mapper.SaleinfoMapper.selectPage : 143 ] -
                ==>  Preparing: SELECT COUNT(1) FROM saleinfo 
2021-12-23 04:23:03 [ http-nio-8080-exec-9 ] ------------------ [ DEBUG ] [ c.javaclimb.drug.mapper.SaleinfoMapper.selectPage : 143 ] -
                ==> Parameters: 
2021-12-23 04:23:03 [ http-nio-8080-exec-9 ] ------------------ [ DEBUG ] [ c.javaclimb.drug.mapper.SaleinfoMapper.selectPage : 143 ] -
                ==>  Preparing: SELECT id,dname,dnumber,count,total,operator,operatetime FROM saleinfo LIMIT ?,? 
2021-12-23 04:23:03 [ http-nio-8080-exec-9 ] ------------------ [ DEBUG ] [ c.javaclimb.drug.mapper.SaleinfoMapper.selectPage : 143 ] -
                ==> Parameters: 0(Long), 10(Long)
2021-12-23 04:23:03 [ http-nio-8080-exec-9 ] ------------------ [ DEBUG ] [ c.javaclimb.drug.mapper.SaleinfoMapper.selectPage : 143 ] -
                <==      Total: 3
2021-12-23 04:23:04 [ http-nio-8080-exec-5 ] ------------------ [ DEBUG ] [ c.javaclimb.drug.mapper.DruginfoMapper.selectPage : 143 ] -
                ==>  Preparing: SELECT COUNT(1) FROM druginfo 
2021-12-23 04:23:04 [ http-nio-8080-exec-5 ] ------------------ [ DEBUG ] [ c.javaclimb.drug.mapper.DruginfoMapper.selectPage : 143 ] -
                ==> Parameters: 
2021-12-23 04:23:04 [ http-nio-8080-exec-5 ] ------------------ [ DEBUG ] [ c.javaclimb.drug.mapper.DruginfoMapper.selectPage : 143 ] -
                ==>  Preparing: SELECT id,name,supplier,producttime,warrenty,number,price,stock FROM druginfo LIMIT ?,? 
2021-12-23 04:23:04 [ http-nio-8080-exec-5 ] ------------------ [ DEBUG ] [ c.javaclimb.drug.mapper.DruginfoMapper.selectPage : 143 ] -
                ==> Parameters: 0(Long), 10(Long)
2021-12-23 04:23:04 [ http-nio-8080-exec-5 ] ------------------ [ DEBUG ] [ c.javaclimb.drug.mapper.DruginfoMapper.selectPage : 143 ] -
                <==      Total: 10
2021-12-23 04:23:04 [ http-nio-8080-exec-6 ] ------------------ [ DEBUG ] [ c.javaclimb.drug.mapper.SupplierMapper.selectPage : 143 ] -
                ==>  Preparing: SELECT COUNT(1) FROM supplier 
2021-12-23 04:23:04 [ http-nio-8080-exec-6 ] ------------------ [ DEBUG ] [ c.javaclimb.drug.mapper.SupplierMapper.selectPage : 143 ] -
                ==> Parameters: 
2021-12-23 04:23:04 [ http-nio-8080-exec-6 ] ------------------ [ DEBUG ] [ c.javaclimb.drug.mapper.SupplierMapper.selectPage : 143 ] -
                ==>  Preparing: SELECT id,name,content,createtime FROM supplier LIMIT ?,? 
2021-12-23 04:23:04 [ http-nio-8080-exec-6 ] ------------------ [ DEBUG ] [ c.javaclimb.drug.mapper.SupplierMapper.selectPage : 143 ] -
                ==> Parameters: 0(Long), 10(Long)
2021-12-23 04:23:04 [ http-nio-8080-exec-6 ] ------------------ [ DEBUG ] [ c.javaclimb.drug.mapper.SupplierMapper.selectPage : 143 ] -
                <==      Total: 10
2021-12-23 04:23:05 [ http-nio-8080-exec-1 ] ------------------ [ DEBUG ] [ c.j.drug.mapper.ReturnsupplierMapper.selectPage : 143 ] -
                ==>  Preparing: SELECT COUNT(1) FROM returnsupplier 
2021-12-23 04:23:05 [ http-nio-8080-exec-1 ] ------------------ [ DEBUG ] [ c.j.drug.mapper.ReturnsupplierMapper.selectPage : 143 ] -
                ==> Parameters: 
2021-12-23 04:23:05 [ http-nio-8080-exec-1 ] ------------------ [ DEBUG ] [ c.j.drug.mapper.ReturnsupplierMapper.selectPage : 143 ] -
                ==>  Preparing: SELECT id,dname,dcount,sname,buytime,reason,createtime FROM returnsupplier LIMIT ?,? 
2021-12-23 04:23:05 [ http-nio-8080-exec-1 ] ------------------ [ DEBUG ] [ c.j.drug.mapper.ReturnsupplierMapper.selectPage : 143 ] -
                ==> Parameters: 0(Long), 10(Long)
2021-12-23 04:23:05 [ http-nio-8080-exec-1 ] ------------------ [ DEBUG ] [ c.j.drug.mapper.ReturnsupplierMapper.selectPage : 143 ] -
                <==      Total: 1
2021-12-23 04:23:07 [ http-nio-8080-exec-7 ] ------------------ [ DEBUG ] [ c.javaclimb.drug.mapper.DruginfoMapper.selectPage : 143 ] -
                ==>  Preparing: SELECT COUNT(1) FROM druginfo 
2021-12-23 04:23:07 [ http-nio-8080-exec-7 ] ------------------ [ DEBUG ] [ c.javaclimb.drug.mapper.DruginfoMapper.selectPage : 143 ] -
                ==> Parameters: 
2021-12-23 04:23:07 [ http-nio-8080-exec-7 ] ------------------ [ DEBUG ] [ c.javaclimb.drug.mapper.DruginfoMapper.selectPage : 143 ] -
                ==>  Preparing: SELECT id,name,supplier,producttime,warrenty,number,price,stock FROM druginfo LIMIT ?,? 
2021-12-23 04:23:07 [ http-nio-8080-exec-7 ] ------------------ [ DEBUG ] [ c.javaclimb.drug.mapper.DruginfoMapper.selectPage : 143 ] -
                ==> Parameters: 0(Long), 10(Long)
2021-12-23 04:23:07 [ http-nio-8080-exec-7 ] ------------------ [ DEBUG ] [ c.javaclimb.drug.mapper.DruginfoMapper.selectPage : 143 ] -
                <==      Total: 10
2021-12-23 04:23:07 [ http-nio-8080-exec-5 ] ------------------ [ DEBUG ] [ c.javaclimb.drug.mapper.DruginfoMapper.selectPage : 143 ] -
                ==>  Preparing: SELECT COUNT(1) FROM druginfo 
2021-12-23 04:23:07 [ http-nio-8080-exec-5 ] ------------------ [ DEBUG ] [ c.javaclimb.drug.mapper.DruginfoMapper.selectPage : 143 ] -
                ==> Parameters: 
2021-12-23 04:23:07 [ http-nio-8080-exec-5 ] ------------------ [ DEBUG ] [ c.javaclimb.drug.mapper.DruginfoMapper.selectPage : 143 ] -
                ==>  Preparing: SELECT id,name,supplier,producttime,warrenty,number,price,stock FROM druginfo LIMIT ?,? 
2021-12-23 04:23:07 [ http-nio-8080-exec-5 ] ------------------ [ DEBUG ] [ c.javaclimb.drug.mapper.DruginfoMapper.selectPage : 143 ] -
                ==> Parameters: 0(Long), 10(Long)
2021-12-23 04:23:07 [ http-nio-8080-exec-5 ] ------------------ [ DEBUG ] [ c.javaclimb.drug.mapper.DruginfoMapper.selectPage : 143 ] -
                <==      Total: 10
2021-12-23 04:23:09 [ http-nio-8080-exec-1 ] ------------------ [ DEBUG ] [ com.javaclimb.drug.mapper.OwinfoMapper.selectPage : 143 ] -
                ==>  Preparing: SELECT COUNT(1) FROM owinfo 
2021-12-23 04:23:09 [ http-nio-8080-exec-1 ] ------------------ [ DEBUG ] [ com.javaclimb.drug.mapper.OwinfoMapper.selectPage : 143 ] -
                ==> Parameters: 
2021-12-23 04:23:09 [ http-nio-8080-exec-1 ] ------------------ [ DEBUG ] [ com.javaclimb.drug.mapper.OwinfoMapper.selectPage : 143 ] -
                ==>  Preparing: SELECT id,dname,type,count,operator,createtime FROM owinfo LIMIT ?,? 
2021-12-23 04:23:09 [ http-nio-8080-exec-1 ] ------------------ [ DEBUG ] [ com.javaclimb.drug.mapper.OwinfoMapper.selectPage : 143 ] -
                ==> Parameters: 0(Long), 10(Long)
2021-12-23 04:23:09 [ http-nio-8080-exec-1 ] ------------------ [ DEBUG ] [ com.javaclimb.drug.mapper.OwinfoMapper.selectPage : 143 ] -
                <==      Total: 7
2021-12-23 04:29:42 [ http-nio-8080-exec-10 ] ------------------ [ DEBUG ] [ c.javaclimb.drug.mapper.DruginfoMapper.selectPage : 143 ] -
                ==>  Preparing: SELECT COUNT(1) FROM druginfo 
2021-12-23 04:29:42 [ http-nio-8080-exec-10 ] ------------------ [ DEBUG ] [ c.javaclimb.drug.mapper.DruginfoMapper.selectPage : 143 ] -
                ==> Parameters: 
2021-12-23 04:29:42 [ http-nio-8080-exec-10 ] ------------------ [ DEBUG ] [ c.javaclimb.drug.mapper.DruginfoMapper.selectPage : 143 ] -
                ==>  Preparing: SELECT id,name,supplier,producttime,warrenty,number,price,stock FROM druginfo LIMIT ?,? 
2021-12-23 04:29:42 [ http-nio-8080-exec-10 ] ------------------ [ DEBUG ] [ c.javaclimb.drug.mapper.DruginfoMapper.selectPage : 143 ] -
                ==> Parameters: 0(Long), 10(Long)
2021-12-23 04:29:42 [ http-nio-8080-exec-10 ] ------------------ [ DEBUG ] [ c.javaclimb.drug.mapper.DruginfoMapper.selectPage : 143 ] -
                <==      Total: 10
2021-12-23 04:29:44 [ http-nio-8080-exec-9 ] ------------------ [ DEBUG ] [ c.javaclimb.drug.mapper.DruginfoMapper.selectPage : 143 ] -
                ==>  Preparing: SELECT COUNT(1) FROM druginfo 
2021-12-23 04:29:44 [ http-nio-8080-exec-9 ] ------------------ [ DEBUG ] [ c.javaclimb.drug.mapper.DruginfoMapper.selectPage : 143 ] -
                ==> Parameters: 
2021-12-23 04:29:44 [ http-nio-8080-exec-9 ] ------------------ [ DEBUG ] [ c.javaclimb.drug.mapper.DruginfoMapper.selectPage : 143 ] -
                ==>  Preparing: SELECT id,name,supplier,producttime,warrenty,number,price,stock FROM druginfo LIMIT ?,? 
2021-12-23 04:29:44 [ http-nio-8080-exec-9 ] ------------------ [ DEBUG ] [ c.javaclimb.drug.mapper.DruginfoMapper.selectPage : 143 ] -
                ==> Parameters: 0(Long), 10(Long)
2021-12-23 04:29:44 [ http-nio-8080-exec-9 ] ------------------ [ DEBUG ] [ c.javaclimb.drug.mapper.DruginfoMapper.selectPage : 143 ] -
                <==      Total: 10
2021-12-23 04:29:45 [ http-nio-8080-exec-2 ] ------------------ [ DEBUG ] [ c.javaclimb.drug.mapper.DruginfoMapper.selectPage : 143 ] -
                ==>  Preparing: SELECT COUNT(1) FROM druginfo 
2021-12-23 04:29:45 [ http-nio-8080-exec-2 ] ------------------ [ DEBUG ] [ c.javaclimb.drug.mapper.DruginfoMapper.selectPage : 143 ] -
                ==> Parameters: 
2021-12-23 04:29:45 [ http-nio-8080-exec-2 ] ------------------ [ DEBUG ] [ c.javaclimb.drug.mapper.DruginfoMapper.selectPage : 143 ] -
                ==>  Preparing: SELECT id,name,supplier,producttime,warrenty,number,price,stock FROM druginfo LIMIT ?,? 
2021-12-23 04:29:45 [ http-nio-8080-exec-2 ] ------------------ [ DEBUG ] [ c.javaclimb.drug.mapper.DruginfoMapper.selectPage : 143 ] -
                ==> Parameters: 0(Long), 10(Long)
2021-12-23 04:29:45 [ http-nio-8080-exec-2 ] ------------------ [ DEBUG ] [ c.javaclimb.drug.mapper.DruginfoMapper.selectPage : 143 ] -
                <==      Total: 10
2021-12-23 19:58:53 [ restartedMain ] ------------------ [ INFO  ] [ com.javaclimb.drug.DrugApplication : 55 ] -
                Starting DrugApplication using Java 11.0.11 on LAPTOP-4MVI9LIV with PID 1576 (D:\springboot医院管理系统自制\医院药品管理系统\医院管理系统\target\classes started by A in D:\springboot医院管理系统自制\医院药品管理系统\医院管理系统)
2021-12-23 19:58:53 [ restartedMain ] ------------------ [ DEBUG ] [ com.javaclimb.drug.DrugApplication : 56 ] -
                Running with Spring Boot v2.4.2, Spring v5.3.3
2021-12-23 19:58:53 [ restartedMain ] ------------------ [ INFO  ] [ com.javaclimb.drug.DrugApplication : 660 ] -
                No active profile set, falling back to default profiles: default
2021-12-23 19:58:55 [ restartedMain ] ------------------ [ WARN  ] [ c.b.mybatisplus.core.metadata.TableInfoHelper : 333 ] -
                This "id" is the table primary key by @TableId annotation in Class: "com.javaclimb.drug.entity.User",So @TableField annotation will not work!
2021-12-23 19:58:55 [ restartedMain ] ------------------ [ INFO  ] [ org.apache.coyote.http11.Http11NioProtocol : 173 ] -
                Initializing ProtocolHandler ["http-nio-8080"]
2021-12-23 19:58:55 [ restartedMain ] ------------------ [ INFO  ] [ org.apache.catalina.core.StandardService : 173 ] -
                Starting service [Tomcat]
2021-12-23 19:58:55 [ restartedMain ] ------------------ [ INFO  ] [ org.apache.catalina.core.StandardEngine : 173 ] -
                Starting Servlet engine: [Apache Tomcat/9.0.41]
2021-12-23 19:58:55 [ restartedMain ] ------------------ [ INFO  ] [ o.a.c.core.ContainerBase.[Tomcat].[localhost].[/] : 173 ] -
                Initializing Spring embedded WebApplicationContext
2021-12-23 19:58:55 [ restartedMain ] ------------------ [ WARN  ] [ c.b.mybatisplus.core.metadata.TableInfoHelper : 333 ] -
                This "id" is the table primary key by @TableId annotation in Class: "com.javaclimb.drug.entity.Billinfo",So @TableField annotation will not work!
2021-12-23 19:58:55 [ restartedMain ] ------------------ [ WARN  ] [ c.b.mybatisplus.core.metadata.TableInfoHelper : 333 ] -
                This "id" is the table primary key by @TableId annotation in Class: "com.javaclimb.drug.entity.Druginfo",So @TableField annotation will not work!
2021-12-23 19:58:55 [ restartedMain ] ------------------ [ WARN  ] [ c.b.mybatisplus.core.metadata.TableInfoHelper : 333 ] -
                This "id" is the table primary key by @TableId annotation in Class: "com.javaclimb.drug.entity.Owinfo",So @TableField annotation will not work!
2021-12-23 19:58:55 [ restartedMain ] ------------------ [ WARN  ] [ c.b.mybatisplus.core.metadata.TableInfoHelper : 333 ] -
                This "id" is the table primary key by @TableId annotation in Class: "com.javaclimb.drug.entity.Problem",So @TableField annotation will not work!
2021-12-23 19:58:55 [ restartedMain ] ------------------ [ WARN  ] [ c.b.mybatisplus.core.metadata.TableInfoHelper : 333 ] -
                This "id" is the table primary key by @TableId annotation in Class: "com.javaclimb.drug.entity.Returngoods",So @TableField annotation will not work!
2021-12-23 19:58:55 [ restartedMain ] ------------------ [ WARN  ] [ c.b.mybatisplus.core.metadata.TableInfoHelper : 333 ] -
                This "id" is the table primary key by @TableId annotation in Class: "com.javaclimb.drug.entity.Returnsupplier",So @TableField annotation will not work!
2021-12-23 19:58:55 [ restartedMain ] ------------------ [ WARN  ] [ c.b.mybatisplus.core.metadata.TableInfoHelper : 333 ] -
                This "id" is the table primary key by @TableId annotation in Class: "com.javaclimb.drug.entity.Saleinfo",So @TableField annotation will not work!
2021-12-23 19:58:55 [ restartedMain ] ------------------ [ WARN  ] [ c.b.mybatisplus.core.metadata.TableInfoHelper : 333 ] -
                This "id" is the table primary key by @TableId annotation in Class: "com.javaclimb.drug.entity.Supplier",So @TableField annotation will not work!
2021-12-23 19:58:56 [ restartedMain ] ------------------ [ INFO  ] [ org.apache.coyote.http11.Http11NioProtocol : 173 ] -
                Starting ProtocolHandler ["http-nio-8080"]
2021-12-23 19:58:56 [ restartedMain ] ------------------ [ INFO  ] [ com.javaclimb.drug.DrugApplication : 61 ] -
                Started DrugApplication in 2.957 seconds (JVM running for 4.262)
2021-12-23 19:59:10 [ http-nio-8080-exec-1 ] ------------------ [ INFO  ] [ o.a.c.core.ContainerBase.[Tomcat].[localhost].[/] : 173 ] -
                Initializing Spring DispatcherServlet 'dispatcherServlet'
2021-12-23 19:59:10 [ http-nio-8080-exec-1 ] ------------------ [ WARN  ] [ org.apache.catalina.util.SessionIdGeneratorBase : 173 ] -
                Creation of SecureRandom instance for session ID generation using [SHA1PRNG] took [471] milliseconds.
2021-12-23 19:59:22 [ http-nio-8080-exec-10 ] ------------------ [ INFO  ] [ com.alibaba.druid.pool.DruidDataSource : 106 ] -
                {dataSource-1} inited
2021-12-23 19:59:22 [ http-nio-8080-exec-10 ] ------------------ [ DEBUG ] [ com.javaclimb.drug.mapper.UserMapper.selectOne : 143 ] -
                ==>  Preparing: SELECT id,username,password FROM user WHERE (username = ?) 
2021-12-23 19:59:22 [ http-nio-8080-exec-10 ] ------------------ [ DEBUG ] [ com.javaclimb.drug.mapper.UserMapper.selectOne : 143 ] -
                ==> Parameters: zta(String)
2021-12-23 19:59:22 [ http-nio-8080-exec-10 ] ------------------ [ DEBUG ] [ com.javaclimb.drug.mapper.UserMapper.selectOne : 143 ] -
                <==      Total: 1
2021-12-23 19:59:27 [ http-nio-8080-exec-6 ] ------------------ [ DEBUG ] [ com.javaclimb.drug.mapper.ProblemMapper.selectPage : 143 ] -
                ==>  Preparing: SELECT COUNT(1) FROM problem 
2021-12-23 19:59:27 [ http-nio-8080-exec-6 ] ------------------ [ DEBUG ] [ com.javaclimb.drug.mapper.ProblemMapper.selectPage : 143 ] -
                ==> Parameters: 
2021-12-23 19:59:27 [ http-nio-8080-exec-6 ] ------------------ [ DEBUG ] [ com.javaclimb.drug.mapper.ProblemMapper.selectPage : 143 ] -
                ==>  Preparing: SELECT id,dname,dcount,dprice,reason,createtime FROM problem LIMIT ?,? 
2021-12-23 19:59:27 [ http-nio-8080-exec-6 ] ------------------ [ DEBUG ] [ com.javaclimb.drug.mapper.ProblemMapper.selectPage : 143 ] -
                ==> Parameters: 0(Long), 10(Long)
2021-12-23 19:59:27 [ http-nio-8080-exec-6 ] ------------------ [ DEBUG ] [ com.javaclimb.drug.mapper.ProblemMapper.selectPage : 143 ] -
                <==      Total: 3
2021-12-23 19:59:27 [ http-nio-8080-exec-10 ] ------------------ [ DEBUG ] [ com.javaclimb.drug.mapper.OwinfoMapper.selectPage : 143 ] -
                ==>  Preparing: SELECT COUNT(1) FROM owinfo 
2021-12-23 19:59:27 [ http-nio-8080-exec-10 ] ------------------ [ DEBUG ] [ com.javaclimb.drug.mapper.OwinfoMapper.selectPage : 143 ] -
                ==> Parameters: 
2021-12-23 19:59:27 [ http-nio-8080-exec-10 ] ------------------ [ DEBUG ] [ com.javaclimb.drug.mapper.OwinfoMapper.selectPage : 143 ] -
                ==>  Preparing: SELECT id,dname,type,count,operator,createtime FROM owinfo LIMIT ?,? 
2021-12-23 19:59:27 [ http-nio-8080-exec-10 ] ------------------ [ DEBUG ] [ com.javaclimb.drug.mapper.OwinfoMapper.selectPage : 143 ] -
                ==> Parameters: 0(Long), 10(Long)
2021-12-23 19:59:27 [ http-nio-8080-exec-10 ] ------------------ [ DEBUG ] [ com.javaclimb.drug.mapper.OwinfoMapper.selectPage : 143 ] -
                <==      Total: 7
2021-12-23 19:59:29 [ http-nio-8080-exec-9 ] ------------------ [ DEBUG ] [ c.javaclimb.drug.mapper.DruginfoMapper.selectPage : 143 ] -
                ==>  Preparing: SELECT COUNT(1) FROM druginfo 
2021-12-23 19:59:29 [ http-nio-8080-exec-9 ] ------------------ [ DEBUG ] [ c.javaclimb.drug.mapper.DruginfoMapper.selectPage : 143 ] -
                ==> Parameters: 
2021-12-23 19:59:29 [ http-nio-8080-exec-9 ] ------------------ [ DEBUG ] [ c.javaclimb.drug.mapper.DruginfoMapper.selectPage : 143 ] -
                ==>  Preparing: SELECT id,name,supplier,producttime,warrenty,number,price,stock FROM druginfo LIMIT ?,? 
2021-12-23 19:59:29 [ http-nio-8080-exec-9 ] ------------------ [ DEBUG ] [ c.javaclimb.drug.mapper.DruginfoMapper.selectPage : 143 ] -
                ==> Parameters: 0(Long), 10(Long)
2021-12-23 19:59:29 [ http-nio-8080-exec-9 ] ------------------ [ DEBUG ] [ c.javaclimb.drug.mapper.DruginfoMapper.selectPage : 143 ] -
                <==      Total: 10
2021-12-23 19:59:30 [ http-nio-8080-exec-6 ] ------------------ [ DEBUG ] [ c.javaclimb.drug.mapper.SupplierMapper.selectList : 143 ] -
                ==>  Preparing: SELECT id,name,content,createtime FROM supplier 
2021-12-23 19:59:30 [ http-nio-8080-exec-6 ] ------------------ [ DEBUG ] [ c.javaclimb.drug.mapper.SupplierMapper.selectList : 143 ] -
                ==> Parameters: 
2021-12-23 19:59:30 [ http-nio-8080-exec-6 ] ------------------ [ DEBUG ] [ c.javaclimb.drug.mapper.SupplierMapper.selectList : 143 ] -
                <==      Total: 15
2021-12-23 20:02:54 [ http-nio-8080-exec-9 ] ------------------ [ DEBUG ] [ c.javaclimb.drug.mapper.DruginfoMapper.selectPage : 143 ] -
                ==>  Preparing: SELECT COUNT(1) FROM druginfo 
2021-12-23 20:02:54 [ http-nio-8080-exec-9 ] ------------------ [ DEBUG ] [ c.javaclimb.drug.mapper.DruginfoMapper.selectPage : 143 ] -
                ==> Parameters: 
2021-12-23 20:02:54 [ http-nio-8080-exec-9 ] ------------------ [ DEBUG ] [ c.javaclimb.drug.mapper.DruginfoMapper.selectPage : 143 ] -
                ==>  Preparing: SELECT id,name,supplier,producttime,warrenty,number,price,stock FROM druginfo LIMIT ?,? 
2021-12-23 20:02:54 [ http-nio-8080-exec-9 ] ------------------ [ DEBUG ] [ c.javaclimb.drug.mapper.DruginfoMapper.selectPage : 143 ] -
                ==> Parameters: 0(Long), 10(Long)
2021-12-23 20:02:54 [ http-nio-8080-exec-9 ] ------------------ [ DEBUG ] [ c.javaclimb.drug.mapper.DruginfoMapper.selectPage : 143 ] -
                <==      Total: 10
2021-12-23 20:02:55 [ http-nio-8080-exec-4 ] ------------------ [ DEBUG ] [ c.javaclimb.drug.mapper.DruginfoMapper.selectPage : 143 ] -
                ==>  Preparing: SELECT COUNT(1) FROM druginfo 
2021-12-23 20:02:55 [ http-nio-8080-exec-4 ] ------------------ [ DEBUG ] [ c.javaclimb.drug.mapper.DruginfoMapper.selectPage : 143 ] -
                ==> Parameters: 
2021-12-23 20:02:55 [ http-nio-8080-exec-4 ] ------------------ [ DEBUG ] [ c.javaclimb.drug.mapper.DruginfoMapper.selectPage : 143 ] -
                ==>  Preparing: SELECT id,name,supplier,producttime,warrenty,number,price,stock FROM druginfo LIMIT ?,? 
2021-12-23 20:02:55 [ http-nio-8080-exec-4 ] ------------------ [ DEBUG ] [ c.javaclimb.drug.mapper.DruginfoMapper.selectPage : 143 ] -
                ==> Parameters: 0(Long), 10(Long)
2021-12-23 20:02:55 [ http-nio-8080-exec-4 ] ------------------ [ DEBUG ] [ c.javaclimb.drug.mapper.DruginfoMapper.selectPage : 143 ] -
                <==      Total: 10
2021-12-23 20:02:57 [ http-nio-8080-exec-5 ] ------------------ [ DEBUG ] [ c.javaclimb.drug.mapper.DruginfoMapper.selectPage : 143 ] -
                ==>  Preparing: SELECT COUNT(1) FROM druginfo 
2021-12-23 20:02:57 [ http-nio-8080-exec-5 ] ------------------ [ DEBUG ] [ c.javaclimb.drug.mapper.DruginfoMapper.selectPage : 143 ] -
                ==> Parameters: 
2021-12-23 20:02:57 [ http-nio-8080-exec-5 ] ------------------ [ DEBUG ] [ c.javaclimb.drug.mapper.DruginfoMapper.selectPage : 143 ] -
                ==>  Preparing: SELECT id,name,supplier,producttime,warrenty,number,price,stock FROM druginfo LIMIT ?,? 
2021-12-23 20:02:57 [ http-nio-8080-exec-5 ] ------------------ [ DEBUG ] [ c.javaclimb.drug.mapper.DruginfoMapper.selectPage : 143 ] -
                ==> Parameters: 0(Long), 10(Long)
2021-12-23 20:02:57 [ http-nio-8080-exec-5 ] ------------------ [ DEBUG ] [ c.javaclimb.drug.mapper.DruginfoMapper.selectPage : 143 ] -
                <==      Total: 10
2021-12-23 20:03:00 [ http-nio-8080-exec-7 ] ------------------ [ DEBUG ] [ c.javaclimb.drug.mapper.DruginfoMapper.selectPage : 143 ] -
                ==>  Preparing: SELECT COUNT(1) FROM druginfo 
2021-12-23 20:03:00 [ http-nio-8080-exec-7 ] ------------------ [ DEBUG ] [ c.javaclimb.drug.mapper.DruginfoMapper.selectPage : 143 ] -
                ==> Parameters: 
2021-12-23 20:03:00 [ http-nio-8080-exec-7 ] ------------------ [ DEBUG ] [ c.javaclimb.drug.mapper.DruginfoMapper.selectPage : 143 ] -
                ==>  Preparing: SELECT id,name,supplier,producttime,warrenty,number,price,stock FROM druginfo LIMIT ?,? 
2021-12-23 20:03:00 [ http-nio-8080-exec-7 ] ------------------ [ DEBUG ] [ c.javaclimb.drug.mapper.DruginfoMapper.selectPage : 143 ] -
                ==> Parameters: 0(Long), 10(Long)
2021-12-23 20:03:00 [ http-nio-8080-exec-7 ] ------------------ [ DEBUG ] [ c.javaclimb.drug.mapper.DruginfoMapper.selectPage : 143 ] -
                <==      Total: 10
2021-12-23 20:03:03 [ http-nio-8080-exec-3 ] ------------------ [ DEBUG ] [ c.javaclimb.drug.mapper.DruginfoMapper.selectPage : 143 ] -
                ==>  Preparing: SELECT COUNT(1) FROM druginfo 
2021-12-23 20:03:03 [ http-nio-8080-exec-3 ] ------------------ [ DEBUG ] [ c.javaclimb.drug.mapper.DruginfoMapper.selectPage : 143 ] -
                ==> Parameters: 
2021-12-23 20:03:03 [ http-nio-8080-exec-3 ] ------------------ [ DEBUG ] [ c.javaclimb.drug.mapper.DruginfoMapper.selectPage : 143 ] -
                ==>  Preparing: SELECT id,name,supplier,producttime,warrenty,number,price,stock FROM druginfo LIMIT ?,? 
2021-12-23 20:03:03 [ http-nio-8080-exec-3 ] ------------------ [ DEBUG ] [ c.javaclimb.drug.mapper.DruginfoMapper.selectPage : 143 ] -
                ==> Parameters: 0(Long), 10(Long)
2021-12-23 20:03:03 [ http-nio-8080-exec-3 ] ------------------ [ DEBUG ] [ c.javaclimb.drug.mapper.DruginfoMapper.selectPage : 143 ] -
                <==      Total: 10
2021-12-23 20:03:05 [ http-nio-8080-exec-9 ] ------------------ [ DEBUG ] [ c.javaclimb.drug.mapper.DruginfoMapper.selectPage : 143 ] -
                ==>  Preparing: SELECT COUNT(1) FROM druginfo 
2021-12-23 20:03:05 [ http-nio-8080-exec-9 ] ------------------ [ DEBUG ] [ c.javaclimb.drug.mapper.DruginfoMapper.selectPage : 143 ] -
                ==> Parameters: 
2021-12-23 20:03:05 [ http-nio-8080-exec-9 ] ------------------ [ DEBUG ] [ c.javaclimb.drug.mapper.DruginfoMapper.selectPage : 143 ] -
                ==>  Preparing: SELECT id,name,supplier,producttime,warrenty,number,price,stock FROM druginfo LIMIT ?,? 
2021-12-23 20:03:05 [ http-nio-8080-exec-9 ] ------------------ [ DEBUG ] [ c.javaclimb.drug.mapper.DruginfoMapper.selectPage : 143 ] -
                ==> Parameters: 0(Long), 10(Long)
2021-12-23 20:03:05 [ http-nio-8080-exec-9 ] ------------------ [ DEBUG ] [ c.javaclimb.drug.mapper.DruginfoMapper.selectPage : 143 ] -
                <==      Total: 10
2021-12-23 20:03:09 [ http-nio-8080-exec-4 ] ------------------ [ DEBUG ] [ c.javaclimb.drug.mapper.SupplierMapper.selectList : 143 ] -
                ==>  Preparing: SELECT id,name,content,createtime FROM supplier 
2021-12-23 20:03:09 [ http-nio-8080-exec-4 ] ------------------ [ DEBUG ] [ c.javaclimb.drug.mapper.SupplierMapper.selectList : 143 ] -
                ==> Parameters: 
2021-12-23 20:03:09 [ http-nio-8080-exec-4 ] ------------------ [ DEBUG ] [ c.javaclimb.drug.mapper.SupplierMapper.selectList : 143 ] -
                <==      Total: 15
2021-12-23 20:03:15 [ http-nio-8080-exec-3 ] ------------------ [ DEBUG ] [ c.javaclimb.drug.mapper.DruginfoMapper.selectPage : 143 ] -
                ==>  Preparing: SELECT COUNT(1) FROM druginfo 
2021-12-23 20:03:15 [ http-nio-8080-exec-3 ] ------------------ [ DEBUG ] [ c.javaclimb.drug.mapper.DruginfoMapper.selectPage : 143 ] -
                ==> Parameters: 
2021-12-23 20:03:15 [ http-nio-8080-exec-3 ] ------------------ [ DEBUG ] [ c.javaclimb.drug.mapper.DruginfoMapper.selectPage : 143 ] -
                ==>  Preparing: SELECT id,name,supplier,producttime,warrenty,number,price,stock FROM druginfo LIMIT ?,? 
2021-12-23 20:03:15 [ http-nio-8080-exec-3 ] ------------------ [ DEBUG ] [ c.javaclimb.drug.mapper.DruginfoMapper.selectPage : 143 ] -
                ==> Parameters: 0(Long), 10(Long)
2021-12-23 20:03:15 [ http-nio-8080-exec-3 ] ------------------ [ DEBUG ] [ c.javaclimb.drug.mapper.DruginfoMapper.selectPage : 143 ] -
                <==      Total: 10
2021-12-23 20:03:16 [ http-nio-8080-exec-10 ] ------------------ [ DEBUG ] [ c.javaclimb.drug.mapper.SupplierMapper.selectPage : 143 ] -
                ==>  Preparing: SELECT COUNT(1) FROM supplier 
2021-12-23 20:03:16 [ http-nio-8080-exec-10 ] ------------------ [ DEBUG ] [ c.javaclimb.drug.mapper.SupplierMapper.selectPage : 143 ] -
                ==> Parameters: 
2021-12-23 20:03:16 [ http-nio-8080-exec-10 ] ------------------ [ DEBUG ] [ c.javaclimb.drug.mapper.SupplierMapper.selectPage : 143 ] -
                ==>  Preparing: SELECT id,name,content,createtime FROM supplier LIMIT ?,? 
2021-12-23 20:03:16 [ http-nio-8080-exec-10 ] ------------------ [ DEBUG ] [ c.javaclimb.drug.mapper.SupplierMapper.selectPage : 143 ] -
                ==> Parameters: 0(Long), 10(Long)
2021-12-23 20:03:16 [ http-nio-8080-exec-10 ] ------------------ [ DEBUG ] [ c.javaclimb.drug.mapper.SupplierMapper.selectPage : 143 ] -
                <==      Total: 10
2021-12-23 20:03:16 [ http-nio-8080-exec-8 ] ------------------ [ DEBUG ] [ c.j.drug.mapper.ReturnsupplierMapper.selectPage : 143 ] -
                ==>  Preparing: SELECT COUNT(1) FROM returnsupplier 
2021-12-23 20:03:16 [ http-nio-8080-exec-8 ] ------------------ [ DEBUG ] [ c.j.drug.mapper.ReturnsupplierMapper.selectPage : 143 ] -
                ==> Parameters: 
2021-12-23 20:03:16 [ http-nio-8080-exec-8 ] ------------------ [ DEBUG ] [ c.j.drug.mapper.ReturnsupplierMapper.selectPage : 143 ] -
                ==>  Preparing: SELECT id,dname,dcount,sname,buytime,reason,createtime FROM returnsupplier LIMIT ?,? 
2021-12-23 20:03:16 [ http-nio-8080-exec-8 ] ------------------ [ DEBUG ] [ c.j.drug.mapper.ReturnsupplierMapper.selectPage : 143 ] -
                ==> Parameters: 0(Long), 10(Long)
2021-12-23 20:03:16 [ http-nio-8080-exec-8 ] ------------------ [ DEBUG ] [ c.j.drug.mapper.ReturnsupplierMapper.selectPage : 143 ] -
                <==      Total: 1
