2021-12-25 00:49:27 [ restartedMain ] ------------------ [ INFO  ] [ com.javaclimb.drug.DrugApplication : 55 ] -
                Starting DrugApplication using Java 11.0.11 on LAPTOP-4MVI9LIV with PID 9736 (D:\springboot医院管理系统自制\医院药品管理系统\医院管理系统\target\classes started by A in D:\springboot医院管理系统自制\医院药品管理系统\医院管理系统)
2021-12-25 00:49:27 [ restartedMain ] ------------------ [ DEBUG ] [ com.javaclimb.drug.DrugApplication : 56 ] -
                Running with Spring Boot v2.4.2, Spring v5.3.3
2021-12-25 00:49:27 [ restartedMain ] ------------------ [ INFO  ] [ com.javaclimb.drug.DrugApplication : 660 ] -
                No active profile set, falling back to default profiles: default
2021-12-25 00:49:29 [ restartedMain ] ------------------ [ WARN  ] [ c.b.mybatisplus.core.metadata.TableInfoHelper : 333 ] -
                This "id" is the table primary key by @TableId annotation in Class: "com.javaclimb.drug.entity.User",So @TableField annotation will not work!
2021-12-25 00:49:30 [ restartedMain ] ------------------ [ INFO  ] [ org.apache.coyote.http11.Http11NioProtocol : 173 ] -
                Initializing ProtocolHandler ["http-nio-8080"]
2021-12-25 00:49:30 [ restartedMain ] ------------------ [ INFO  ] [ org.apache.catalina.core.StandardService : 173 ] -
                Starting service [Tomcat]
2021-12-25 00:49:30 [ restartedMain ] ------------------ [ INFO  ] [ org.apache.catalina.core.StandardEngine : 173 ] -
                Starting Servlet engine: [Apache Tomcat/9.0.41]
2021-12-25 00:49:30 [ restartedMain ] ------------------ [ INFO  ] [ o.a.c.core.ContainerBase.[Tomcat].[localhost].[/] : 173 ] -
                Initializing Spring embedded WebApplicationContext
2021-12-25 00:49:30 [ restartedMain ] ------------------ [ WARN  ] [ c.b.mybatisplus.core.metadata.TableInfoHelper : 333 ] -
                This "id" is the table primary key by @TableId annotation in Class: "com.javaclimb.drug.entity.Billinfo",So @TableField annotation will not work!
2021-12-25 00:49:30 [ restartedMain ] ------------------ [ WARN  ] [ c.b.mybatisplus.core.metadata.TableInfoHelper : 333 ] -
                This "id" is the table primary key by @TableId annotation in Class: "com.javaclimb.drug.entity.Druginfo",So @TableField annotation will not work!
2021-12-25 00:49:30 [ restartedMain ] ------------------ [ WARN  ] [ c.b.mybatisplus.core.metadata.TableInfoHelper : 333 ] -
                This "id" is the table primary key by @TableId annotation in Class: "com.javaclimb.drug.entity.Owinfo",So @TableField annotation will not work!
2021-12-25 00:49:30 [ restartedMain ] ------------------ [ WARN  ] [ c.b.mybatisplus.core.metadata.TableInfoHelper : 333 ] -
                This "id" is the table primary key by @TableId annotation in Class: "com.javaclimb.drug.entity.Problem",So @TableField annotation will not work!
2021-12-25 00:49:30 [ restartedMain ] ------------------ [ WARN  ] [ c.b.mybatisplus.core.metadata.TableInfoHelper : 333 ] -
                This "id" is the table primary key by @TableId annotation in Class: "com.javaclimb.drug.entity.Returngoods",So @TableField annotation will not work!
2021-12-25 00:49:30 [ restartedMain ] ------------------ [ WARN  ] [ c.b.mybatisplus.core.metadata.TableInfoHelper : 333 ] -
                This "id" is the table primary key by @TableId annotation in Class: "com.javaclimb.drug.entity.Returnsupplier",So @TableField annotation will not work!
2021-12-25 00:49:30 [ restartedMain ] ------------------ [ WARN  ] [ c.b.mybatisplus.core.metadata.TableInfoHelper : 333 ] -
                This "id" is the table primary key by @TableId annotation in Class: "com.javaclimb.drug.entity.Saleinfo",So @TableField annotation will not work!
2021-12-25 00:49:30 [ restartedMain ] ------------------ [ WARN  ] [ c.b.mybatisplus.core.metadata.TableInfoHelper : 333 ] -
                This "id" is the table primary key by @TableId annotation in Class: "com.javaclimb.drug.entity.Supplier",So @TableField annotation will not work!
2021-12-25 00:49:31 [ restartedMain ] ------------------ [ INFO  ] [ org.apache.coyote.http11.Http11NioProtocol : 173 ] -
                Starting ProtocolHandler ["http-nio-8080"]
2021-12-25 00:49:31 [ restartedMain ] ------------------ [ INFO  ] [ com.javaclimb.drug.DrugApplication : 61 ] -
                Started DrugApplication in 4.274 seconds (JVM running for 6.201)
2021-12-25 00:59:17 [ restartedMain ] ------------------ [ INFO  ] [ com.javaclimb.drug.DrugApplication : 55 ] -
                Starting DrugApplication using Java 11.0.11 on LAPTOP-4MVI9LIV with PID 11792 (D:\springboot医院管理系统自制\医院药品管理系统\医院管理系统\target\classes started by A in D:\springboot医院管理系统自制\医院药品管理系统\医院管理系统)
2021-12-25 00:59:17 [ restartedMain ] ------------------ [ DEBUG ] [ com.javaclimb.drug.DrugApplication : 56 ] -
                Running with Spring Boot v2.4.2, Spring v5.3.3
2021-12-25 00:59:17 [ restartedMain ] ------------------ [ INFO  ] [ com.javaclimb.drug.DrugApplication : 660 ] -
                No active profile set, falling back to default profiles: default
2021-12-25 00:59:20 [ restartedMain ] ------------------ [ WARN  ] [ c.b.mybatisplus.core.metadata.TableInfoHelper : 333 ] -
                This "id" is the table primary key by @TableId annotation in Class: "com.javaclimb.drug.entity.User",So @TableField annotation will not work!
2021-12-25 00:59:20 [ restartedMain ] ------------------ [ INFO  ] [ org.apache.coyote.http11.Http11NioProtocol : 173 ] -
                Initializing ProtocolHandler ["http-nio-8080"]
2021-12-25 00:59:20 [ restartedMain ] ------------------ [ INFO  ] [ org.apache.catalina.core.StandardService : 173 ] -
                Starting service [Tomcat]
2021-12-25 00:59:20 [ restartedMain ] ------------------ [ INFO  ] [ org.apache.catalina.core.StandardEngine : 173 ] -
                Starting Servlet engine: [Apache Tomcat/9.0.41]
2021-12-25 00:59:20 [ restartedMain ] ------------------ [ INFO  ] [ o.a.c.core.ContainerBase.[Tomcat].[localhost].[/] : 173 ] -
                Initializing Spring embedded WebApplicationContext
2021-12-25 00:59:20 [ restartedMain ] ------------------ [ WARN  ] [ c.b.mybatisplus.core.metadata.TableInfoHelper : 333 ] -
                This "id" is the table primary key by @TableId annotation in Class: "com.javaclimb.drug.entity.Billinfo",So @TableField annotation will not work!
2021-12-25 00:59:20 [ restartedMain ] ------------------ [ WARN  ] [ c.b.mybatisplus.core.metadata.TableInfoHelper : 333 ] -
                This "id" is the table primary key by @TableId annotation in Class: "com.javaclimb.drug.entity.Druginfo",So @TableField annotation will not work!
2021-12-25 00:59:20 [ restartedMain ] ------------------ [ WARN  ] [ c.b.mybatisplus.core.metadata.TableInfoHelper : 333 ] -
                This "id" is the table primary key by @TableId annotation in Class: "com.javaclimb.drug.entity.Owinfo",So @TableField annotation will not work!
2021-12-25 00:59:20 [ restartedMain ] ------------------ [ WARN  ] [ c.b.mybatisplus.core.metadata.TableInfoHelper : 333 ] -
                This "id" is the table primary key by @TableId annotation in Class: "com.javaclimb.drug.entity.Problem",So @TableField annotation will not work!
2021-12-25 00:59:20 [ restartedMain ] ------------------ [ WARN  ] [ c.b.mybatisplus.core.metadata.TableInfoHelper : 333 ] -
                This "id" is the table primary key by @TableId annotation in Class: "com.javaclimb.drug.entity.Returngoods",So @TableField annotation will not work!
2021-12-25 00:59:20 [ restartedMain ] ------------------ [ WARN  ] [ c.b.mybatisplus.core.metadata.TableInfoHelper : 333 ] -
                This "id" is the table primary key by @TableId annotation in Class: "com.javaclimb.drug.entity.Returnsupplier",So @TableField annotation will not work!
2021-12-25 00:59:20 [ restartedMain ] ------------------ [ WARN  ] [ c.b.mybatisplus.core.metadata.TableInfoHelper : 333 ] -
                This "id" is the table primary key by @TableId annotation in Class: "com.javaclimb.drug.entity.Saleinfo",So @TableField annotation will not work!
2021-12-25 00:59:20 [ restartedMain ] ------------------ [ WARN  ] [ c.b.mybatisplus.core.metadata.TableInfoHelper : 333 ] -
                This "id" is the table primary key by @TableId annotation in Class: "com.javaclimb.drug.entity.Supplier",So @TableField annotation will not work!
2021-12-25 00:59:21 [ restartedMain ] ------------------ [ INFO  ] [ org.apache.coyote.http11.Http11NioProtocol : 173 ] -
                Starting ProtocolHandler ["http-nio-8080"]
2021-12-25 00:59:21 [ restartedMain ] ------------------ [ INFO  ] [ com.javaclimb.drug.DrugApplication : 61 ] -
                Started DrugApplication in 4.027 seconds (JVM running for 5.649)
2021-12-25 00:59:41 [ http-nio-8080-exec-1 ] ------------------ [ INFO  ] [ o.a.c.core.ContainerBase.[Tomcat].[localhost].[/] : 173 ] -
                Initializing Spring DispatcherServlet 'dispatcherServlet'
2021-12-25 00:59:42 [ http-nio-8080-exec-1 ] ------------------ [ WARN  ] [ org.apache.catalina.util.SessionIdGeneratorBase : 173 ] -
                Creation of SecureRandom instance for session ID generation using [SHA1PRNG] took [686] milliseconds.
2021-12-25 00:59:51 [ http-nio-8080-exec-4 ] ------------------ [ INFO  ] [ com.alibaba.druid.pool.DruidDataSource : 106 ] -
                {dataSource-1} inited
2021-12-25 00:59:51 [ http-nio-8080-exec-4 ] ------------------ [ DEBUG ] [ com.javaclimb.drug.mapper.UserMapper.selectOne : 143 ] -
                ==>  Preparing: SELECT id,username,password FROM user WHERE (username = ?) 
2021-12-25 00:59:51 [ http-nio-8080-exec-4 ] ------------------ [ DEBUG ] [ com.javaclimb.drug.mapper.UserMapper.selectOne : 143 ] -
                ==> Parameters: zta(String)
2021-12-25 00:59:52 [ http-nio-8080-exec-4 ] ------------------ [ DEBUG ] [ com.javaclimb.drug.mapper.UserMapper.selectOne : 143 ] -
                <==      Total: 1
2021-12-25 00:59:59 [ http-nio-8080-exec-3 ] ------------------ [ DEBUG ] [ c.javaclimb.drug.mapper.DruginfoMapper.selectPage : 143 ] -
                ==>  Preparing: SELECT COUNT(1) FROM druginfo 
2021-12-25 00:59:59 [ http-nio-8080-exec-3 ] ------------------ [ DEBUG ] [ c.javaclimb.drug.mapper.DruginfoMapper.selectPage : 143 ] -
                ==> Parameters: 
2021-12-25 00:59:59 [ http-nio-8080-exec-3 ] ------------------ [ DEBUG ] [ c.javaclimb.drug.mapper.DruginfoMapper.selectPage : 143 ] -
                ==>  Preparing: SELECT id,name,supplier,producttime,warrenty,number,price,stock FROM druginfo LIMIT ?,? 
2021-12-25 00:59:59 [ http-nio-8080-exec-3 ] ------------------ [ DEBUG ] [ c.javaclimb.drug.mapper.DruginfoMapper.selectPage : 143 ] -
                ==> Parameters: 0(Long), 10(Long)
2021-12-25 00:59:59 [ http-nio-8080-exec-3 ] ------------------ [ DEBUG ] [ c.javaclimb.drug.mapper.DruginfoMapper.selectPage : 143 ] -
                <==      Total: 10
2021-12-25 01:00:03 [ http-nio-8080-exec-5 ] ------------------ [ DEBUG ] [ c.javaclimb.drug.mapper.SupplierMapper.selectList : 143 ] -
                ==>  Preparing: SELECT id,name,content,createtime FROM supplier 
2021-12-25 01:00:03 [ http-nio-8080-exec-5 ] ------------------ [ DEBUG ] [ c.javaclimb.drug.mapper.SupplierMapper.selectList : 143 ] -
                ==> Parameters: 
2021-12-25 01:00:03 [ http-nio-8080-exec-5 ] ------------------ [ DEBUG ] [ c.javaclimb.drug.mapper.SupplierMapper.selectList : 143 ] -
                <==      Total: 15
2021-12-25 08:07:28 [ restartedMain ] ------------------ [ INFO  ] [ com.javaclimb.drug.DrugApplication : 55 ] -
                Starting DrugApplication using Java 11.0.11 on LAPTOP-4MVI9LIV with PID 5124 (D:\springboot医院管理系统自制\医院药品管理系统\医院管理系统\target\classes started by A in D:\springboot医院管理系统自制\医院药品管理系统\医院管理系统)
2021-12-25 08:07:28 [ restartedMain ] ------------------ [ DEBUG ] [ com.javaclimb.drug.DrugApplication : 56 ] -
                Running with Spring Boot v2.4.2, Spring v5.3.3
2021-12-25 08:07:28 [ restartedMain ] ------------------ [ INFO  ] [ com.javaclimb.drug.DrugApplication : 660 ] -
                No active profile set, falling back to default profiles: default
2021-12-25 08:07:30 [ restartedMain ] ------------------ [ WARN  ] [ c.b.mybatisplus.core.metadata.TableInfoHelper : 333 ] -
                This "id" is the table primary key by @TableId annotation in Class: "com.javaclimb.drug.entity.User",So @TableField annotation will not work!
2021-12-25 08:07:30 [ restartedMain ] ------------------ [ INFO  ] [ org.apache.coyote.http11.Http11NioProtocol : 173 ] -
                Initializing ProtocolHandler ["http-nio-8080"]
2021-12-25 08:07:30 [ restartedMain ] ------------------ [ INFO  ] [ org.apache.catalina.core.StandardService : 173 ] -
                Starting service [Tomcat]
2021-12-25 08:07:30 [ restartedMain ] ------------------ [ INFO  ] [ org.apache.catalina.core.StandardEngine : 173 ] -
                Starting Servlet engine: [Apache Tomcat/9.0.41]
2021-12-25 08:07:30 [ restartedMain ] ------------------ [ INFO  ] [ o.a.c.core.ContainerBase.[Tomcat].[localhost].[/] : 173 ] -
                Initializing Spring embedded WebApplicationContext
2021-12-25 08:07:30 [ restartedMain ] ------------------ [ WARN  ] [ c.b.mybatisplus.core.metadata.TableInfoHelper : 333 ] -
                This "id" is the table primary key by @TableId annotation in Class: "com.javaclimb.drug.entity.Billinfo",So @TableField annotation will not work!
2021-12-25 08:07:30 [ restartedMain ] ------------------ [ WARN  ] [ c.b.mybatisplus.core.metadata.TableInfoHelper : 333 ] -
                This "id" is the table primary key by @TableId annotation in Class: "com.javaclimb.drug.entity.Druginfo",So @TableField annotation will not work!
2021-12-25 08:07:30 [ restartedMain ] ------------------ [ WARN  ] [ c.b.mybatisplus.core.metadata.TableInfoHelper : 333 ] -
                This "id" is the table primary key by @TableId annotation in Class: "com.javaclimb.drug.entity.Owinfo",So @TableField annotation will not work!
2021-12-25 08:07:30 [ restartedMain ] ------------------ [ WARN  ] [ c.b.mybatisplus.core.metadata.TableInfoHelper : 333 ] -
                This "id" is the table primary key by @TableId annotation in Class: "com.javaclimb.drug.entity.Problem",So @TableField annotation will not work!
2021-12-25 08:07:30 [ restartedMain ] ------------------ [ WARN  ] [ c.b.mybatisplus.core.metadata.TableInfoHelper : 333 ] -
                This "id" is the table primary key by @TableId annotation in Class: "com.javaclimb.drug.entity.Returngoods",So @TableField annotation will not work!
2021-12-25 08:07:30 [ restartedMain ] ------------------ [ WARN  ] [ c.b.mybatisplus.core.metadata.TableInfoHelper : 333 ] -
                This "id" is the table primary key by @TableId annotation in Class: "com.javaclimb.drug.entity.Returnsupplier",So @TableField annotation will not work!
2021-12-25 08:07:30 [ restartedMain ] ------------------ [ WARN  ] [ c.b.mybatisplus.core.metadata.TableInfoHelper : 333 ] -
                This "id" is the table primary key by @TableId annotation in Class: "com.javaclimb.drug.entity.Saleinfo",So @TableField annotation will not work!
2021-12-25 08:07:30 [ restartedMain ] ------------------ [ WARN  ] [ c.b.mybatisplus.core.metadata.TableInfoHelper : 333 ] -
                This "id" is the table primary key by @TableId annotation in Class: "com.javaclimb.drug.entity.Supplier",So @TableField annotation will not work!
2021-12-25 08:07:31 [ restartedMain ] ------------------ [ INFO  ] [ org.apache.coyote.http11.Http11NioProtocol : 173 ] -
                Starting ProtocolHandler ["http-nio-8080"]
2021-12-25 08:07:31 [ restartedMain ] ------------------ [ INFO  ] [ com.javaclimb.drug.DrugApplication : 61 ] -
                Started DrugApplication in 3.281 seconds (JVM running for 4.595)
2021-12-25 08:07:41 [ http-nio-8080-exec-2 ] ------------------ [ INFO  ] [ o.a.c.core.ContainerBase.[Tomcat].[localhost].[/] : 173 ] -
                Initializing Spring DispatcherServlet 'dispatcherServlet'
2021-12-25 08:07:42 [ http-nio-8080-exec-2 ] ------------------ [ WARN  ] [ org.apache.catalina.util.SessionIdGeneratorBase : 173 ] -
                Creation of SecureRandom instance for session ID generation using [SHA1PRNG] took [456] milliseconds.
2021-12-25 08:07:47 [ http-nio-8080-exec-7 ] ------------------ [ INFO  ] [ com.alibaba.druid.pool.DruidDataSource : 106 ] -
                {dataSource-1} inited
2021-12-25 08:07:47 [ http-nio-8080-exec-7 ] ------------------ [ DEBUG ] [ com.javaclimb.drug.mapper.UserMapper.selectOne : 143 ] -
                ==>  Preparing: SELECT id,username,password FROM user WHERE (username = ?) 
2021-12-25 08:07:47 [ http-nio-8080-exec-7 ] ------------------ [ DEBUG ] [ com.javaclimb.drug.mapper.UserMapper.selectOne : 143 ] -
                ==> Parameters: zta(String)
2021-12-25 08:07:47 [ http-nio-8080-exec-7 ] ------------------ [ DEBUG ] [ com.javaclimb.drug.mapper.UserMapper.selectOne : 143 ] -
                <==      Total: 1
2021-12-25 08:07:56 [ http-nio-8080-exec-3 ] ------------------ [ DEBUG ] [ c.j.drug.mapper.ReturngoodsMapper.selectPage : 143 ] -
                ==>  Preparing: SELECT COUNT(1) FROM returngoods 
2021-12-25 08:07:56 [ http-nio-8080-exec-3 ] ------------------ [ DEBUG ] [ c.j.drug.mapper.ReturngoodsMapper.selectPage : 143 ] -
                ==> Parameters: 
2021-12-25 08:07:56 [ http-nio-8080-exec-3 ] ------------------ [ DEBUG ] [ c.j.drug.mapper.ReturngoodsMapper.selectPage : 143 ] -
                ==>  Preparing: SELECT id,dname,count,reason,total,operatetime FROM returngoods LIMIT ?,? 
2021-12-25 08:07:56 [ http-nio-8080-exec-3 ] ------------------ [ DEBUG ] [ c.j.drug.mapper.ReturngoodsMapper.selectPage : 143 ] -
                ==> Parameters: 0(Long), 10(Long)
2021-12-25 08:07:56 [ http-nio-8080-exec-3 ] ------------------ [ DEBUG ] [ c.j.drug.mapper.ReturngoodsMapper.selectPage : 143 ] -
                <==      Total: 1
2021-12-25 08:07:57 [ http-nio-8080-exec-9 ] ------------------ [ DEBUG ] [ c.javaclimb.drug.mapper.SaleinfoMapper.selectPage : 143 ] -
                ==>  Preparing: SELECT COUNT(1) FROM saleinfo 
2021-12-25 08:07:57 [ http-nio-8080-exec-9 ] ------------------ [ DEBUG ] [ c.javaclimb.drug.mapper.SaleinfoMapper.selectPage : 143 ] -
                ==> Parameters: 
2021-12-25 08:07:57 [ http-nio-8080-exec-9 ] ------------------ [ DEBUG ] [ c.javaclimb.drug.mapper.SaleinfoMapper.selectPage : 143 ] -
                ==>  Preparing: SELECT id,dname,dnumber,count,total,operator,operatetime FROM saleinfo LIMIT ?,? 
2021-12-25 08:07:57 [ http-nio-8080-exec-9 ] ------------------ [ DEBUG ] [ c.javaclimb.drug.mapper.SaleinfoMapper.selectPage : 143 ] -
                ==> Parameters: 0(Long), 10(Long)
2021-12-25 08:07:57 [ http-nio-8080-exec-9 ] ------------------ [ DEBUG ] [ c.javaclimb.drug.mapper.SaleinfoMapper.selectPage : 143 ] -
                <==      Total: 3
2021-12-25 08:07:59 [ http-nio-8080-exec-1 ] ------------------ [ DEBUG ] [ c.javaclimb.drug.mapper.DruginfoMapper.selectPage : 143 ] -
                ==>  Preparing: SELECT COUNT(1) FROM druginfo 
2021-12-25 08:07:59 [ http-nio-8080-exec-1 ] ------------------ [ DEBUG ] [ c.javaclimb.drug.mapper.DruginfoMapper.selectPage : 143 ] -
                ==> Parameters: 
2021-12-25 08:07:59 [ http-nio-8080-exec-1 ] ------------------ [ DEBUG ] [ c.javaclimb.drug.mapper.DruginfoMapper.selectPage : 143 ] -
                ==>  Preparing: SELECT id,name,supplier,producttime,warrenty,number,price,stock FROM druginfo LIMIT ?,? 
2021-12-25 08:07:59 [ http-nio-8080-exec-1 ] ------------------ [ DEBUG ] [ c.javaclimb.drug.mapper.DruginfoMapper.selectPage : 143 ] -
                ==> Parameters: 0(Long), 10(Long)
2021-12-25 08:07:59 [ http-nio-8080-exec-1 ] ------------------ [ DEBUG ] [ c.javaclimb.drug.mapper.DruginfoMapper.selectPage : 143 ] -
                <==      Total: 10
2021-12-25 08:08:00 [ http-nio-8080-exec-8 ] ------------------ [ DEBUG ] [ c.javaclimb.drug.mapper.SupplierMapper.selectPage : 143 ] -
                ==>  Preparing: SELECT COUNT(1) FROM supplier 
2021-12-25 08:08:00 [ http-nio-8080-exec-8 ] ------------------ [ DEBUG ] [ c.javaclimb.drug.mapper.SupplierMapper.selectPage : 143 ] -
                ==> Parameters: 
2021-12-25 08:08:00 [ http-nio-8080-exec-8 ] ------------------ [ DEBUG ] [ c.javaclimb.drug.mapper.SupplierMapper.selectPage : 143 ] -
                ==>  Preparing: SELECT id,name,content,createtime FROM supplier LIMIT ?,? 
2021-12-25 08:08:00 [ http-nio-8080-exec-8 ] ------------------ [ DEBUG ] [ c.javaclimb.drug.mapper.SupplierMapper.selectPage : 143 ] -
                ==> Parameters: 0(Long), 10(Long)
2021-12-25 08:08:00 [ http-nio-8080-exec-8 ] ------------------ [ DEBUG ] [ c.javaclimb.drug.mapper.SupplierMapper.selectPage : 143 ] -
                <==      Total: 10
2021-12-25 08:08:00 [ http-nio-8080-exec-4 ] ------------------ [ DEBUG ] [ c.j.drug.mapper.ReturnsupplierMapper.selectPage : 143 ] -
                ==>  Preparing: SELECT COUNT(1) FROM returnsupplier 
2021-12-25 08:08:00 [ http-nio-8080-exec-4 ] ------------------ [ DEBUG ] [ c.j.drug.mapper.ReturnsupplierMapper.selectPage : 143 ] -
                ==> Parameters: 
2021-12-25 08:08:00 [ http-nio-8080-exec-4 ] ------------------ [ DEBUG ] [ c.j.drug.mapper.ReturnsupplierMapper.selectPage : 143 ] -
                ==>  Preparing: SELECT id,dname,dcount,sname,buytime,reason,createtime FROM returnsupplier LIMIT ?,? 
2021-12-25 08:08:00 [ http-nio-8080-exec-4 ] ------------------ [ DEBUG ] [ c.j.drug.mapper.ReturnsupplierMapper.selectPage : 143 ] -
                ==> Parameters: 0(Long), 10(Long)
2021-12-25 08:08:00 [ http-nio-8080-exec-4 ] ------------------ [ DEBUG ] [ c.j.drug.mapper.ReturnsupplierMapper.selectPage : 143 ] -
                <==      Total: 1
2021-12-25 08:08:02 [ http-nio-8080-exec-7 ] ------------------ [ DEBUG ] [ com.javaclimb.drug.mapper.OwinfoMapper.selectPage : 143 ] -
                ==>  Preparing: SELECT COUNT(1) FROM owinfo 
2021-12-25 08:08:02 [ http-nio-8080-exec-7 ] ------------------ [ DEBUG ] [ com.javaclimb.drug.mapper.OwinfoMapper.selectPage : 143 ] -
                ==> Parameters: 
2021-12-25 08:08:02 [ http-nio-8080-exec-7 ] ------------------ [ DEBUG ] [ com.javaclimb.drug.mapper.OwinfoMapper.selectPage : 143 ] -
                ==>  Preparing: SELECT id,dname,type,count,operator,createtime FROM owinfo LIMIT ?,? 
2021-12-25 08:08:02 [ http-nio-8080-exec-7 ] ------------------ [ DEBUG ] [ com.javaclimb.drug.mapper.OwinfoMapper.selectPage : 143 ] -
                ==> Parameters: 0(Long), 10(Long)
2021-12-25 08:08:02 [ http-nio-8080-exec-7 ] ------------------ [ DEBUG ] [ com.javaclimb.drug.mapper.OwinfoMapper.selectPage : 143 ] -
                <==      Total: 7
2021-12-25 08:08:02 [ http-nio-8080-exec-6 ] ------------------ [ DEBUG ] [ com.javaclimb.drug.mapper.ProblemMapper.selectPage : 143 ] -
                ==>  Preparing: SELECT COUNT(1) FROM problem 
2021-12-25 08:08:02 [ http-nio-8080-exec-6 ] ------------------ [ DEBUG ] [ com.javaclimb.drug.mapper.ProblemMapper.selectPage : 143 ] -
                ==> Parameters: 
2021-12-25 08:08:02 [ http-nio-8080-exec-6 ] ------------------ [ DEBUG ] [ com.javaclimb.drug.mapper.ProblemMapper.selectPage : 143 ] -
                ==>  Preparing: SELECT id,dname,dcount,dprice,reason,createtime FROM problem LIMIT ?,? 
2021-12-25 08:08:02 [ http-nio-8080-exec-6 ] ------------------ [ DEBUG ] [ com.javaclimb.drug.mapper.ProblemMapper.selectPage : 143 ] -
                ==> Parameters: 0(Long), 10(Long)
2021-12-25 08:08:02 [ http-nio-8080-exec-6 ] ------------------ [ DEBUG ] [ com.javaclimb.drug.mapper.ProblemMapper.selectPage : 143 ] -
                <==      Total: 3
2021-12-25 08:08:02 [ http-nio-8080-exec-3 ] ------------------ [ DEBUG ] [ c.javaclimb.drug.mapper.DruginfoMapper.selectPage : 143 ] -
                ==>  Preparing: SELECT COUNT(1) FROM druginfo 
2021-12-25 08:08:02 [ http-nio-8080-exec-3 ] ------------------ [ DEBUG ] [ c.javaclimb.drug.mapper.DruginfoMapper.selectPage : 143 ] -
                ==> Parameters: 
2021-12-25 08:08:02 [ http-nio-8080-exec-3 ] ------------------ [ DEBUG ] [ c.javaclimb.drug.mapper.DruginfoMapper.selectPage : 143 ] -
                ==>  Preparing: SELECT id,name,supplier,producttime,warrenty,number,price,stock FROM druginfo LIMIT ?,? 
2021-12-25 08:08:02 [ http-nio-8080-exec-3 ] ------------------ [ DEBUG ] [ c.javaclimb.drug.mapper.DruginfoMapper.selectPage : 143 ] -
                ==> Parameters: 0(Long), 10(Long)
2021-12-25 08:08:02 [ http-nio-8080-exec-3 ] ------------------ [ DEBUG ] [ c.javaclimb.drug.mapper.DruginfoMapper.selectPage : 143 ] -
                <==      Total: 10
2021-12-25 08:08:26 [ http-nio-8080-exec-5 ] ------------------ [ DEBUG ] [ c.javaclimb.drug.mapper.DruginfoMapper.selectPage : 143 ] -
                ==>  Preparing: SELECT COUNT(1) FROM druginfo 
2021-12-25 08:08:26 [ http-nio-8080-exec-5 ] ------------------ [ DEBUG ] [ c.javaclimb.drug.mapper.DruginfoMapper.selectPage : 143 ] -
                ==> Parameters: 
2021-12-25 08:08:26 [ http-nio-8080-exec-5 ] ------------------ [ DEBUG ] [ c.javaclimb.drug.mapper.DruginfoMapper.selectPage : 143 ] -
                ==>  Preparing: SELECT id,name,supplier,producttime,warrenty,number,price,stock FROM druginfo LIMIT ?,? 
2021-12-25 08:08:26 [ http-nio-8080-exec-5 ] ------------------ [ DEBUG ] [ c.javaclimb.drug.mapper.DruginfoMapper.selectPage : 143 ] -
                ==> Parameters: 0(Long), 10(Long)
2021-12-25 08:08:26 [ http-nio-8080-exec-5 ] ------------------ [ DEBUG ] [ c.javaclimb.drug.mapper.DruginfoMapper.selectPage : 143 ] -
                <==      Total: 10
2021-12-25 08:08:27 [ http-nio-8080-exec-8 ] ------------------ [ DEBUG ] [ c.javaclimb.drug.mapper.DruginfoMapper.selectPage : 143 ] -
                ==>  Preparing: SELECT COUNT(1) FROM druginfo 
2021-12-25 08:08:27 [ http-nio-8080-exec-8 ] ------------------ [ DEBUG ] [ c.javaclimb.drug.mapper.DruginfoMapper.selectPage : 143 ] -
                ==> Parameters: 
2021-12-25 08:08:27 [ http-nio-8080-exec-8 ] ------------------ [ DEBUG ] [ c.javaclimb.drug.mapper.DruginfoMapper.selectPage : 143 ] -
                ==>  Preparing: SELECT id,name,supplier,producttime,warrenty,number,price,stock FROM druginfo LIMIT ?,? 
2021-12-25 08:08:27 [ http-nio-8080-exec-8 ] ------------------ [ DEBUG ] [ c.javaclimb.drug.mapper.DruginfoMapper.selectPage : 143 ] -
                ==> Parameters: 0(Long), 10(Long)
2021-12-25 08:08:27 [ http-nio-8080-exec-8 ] ------------------ [ DEBUG ] [ c.javaclimb.drug.mapper.DruginfoMapper.selectPage : 143 ] -
                <==      Total: 10
2021-12-25 08:08:36 [ http-nio-8080-exec-2 ] ------------------ [ DEBUG ] [ c.javaclimb.drug.mapper.DruginfoMapper.selectPage : 143 ] -
                ==>  Preparing: SELECT COUNT(1) FROM druginfo WHERE (name LIKE ?) 
2021-12-25 08:08:36 [ http-nio-8080-exec-2 ] ------------------ [ DEBUG ] [ c.javaclimb.drug.mapper.DruginfoMapper.selectPage : 143 ] -
                ==> Parameters: %维生素%(String)
2021-12-25 08:08:36 [ http-nio-8080-exec-2 ] ------------------ [ DEBUG ] [ c.javaclimb.drug.mapper.DruginfoMapper.selectPage : 143 ] -
                ==>  Preparing: SELECT id,name,supplier,producttime,warrenty,number,price,stock FROM druginfo WHERE (name LIKE ?) LIMIT ?,? 
2021-12-25 08:08:36 [ http-nio-8080-exec-2 ] ------------------ [ DEBUG ] [ c.javaclimb.drug.mapper.DruginfoMapper.selectPage : 143 ] -
                ==> Parameters: %维生素%(String), 0(Long), 10(Long)
2021-12-25 08:08:36 [ http-nio-8080-exec-2 ] ------------------ [ DEBUG ] [ c.javaclimb.drug.mapper.DruginfoMapper.selectPage : 143 ] -
                <==      Total: 4
2021-12-25 08:08:46 [ http-nio-8080-exec-4 ] ------------------ [ DEBUG ] [ c.javaclimb.drug.mapper.DruginfoMapper.selectPage : 143 ] -
                ==>  Preparing: SELECT COUNT(1) FROM druginfo WHERE (name LIKE ?) 
2021-12-25 08:08:46 [ http-nio-8080-exec-4 ] ------------------ [ DEBUG ] [ c.javaclimb.drug.mapper.DruginfoMapper.selectPage : 143 ] -
                ==> Parameters: %片%(String)
2021-12-25 08:08:46 [ http-nio-8080-exec-4 ] ------------------ [ DEBUG ] [ c.javaclimb.drug.mapper.DruginfoMapper.selectPage : 143 ] -
                ==>  Preparing: SELECT id,name,supplier,producttime,warrenty,number,price,stock FROM druginfo WHERE (name LIKE ?) LIMIT ?,? 
2021-12-25 08:08:46 [ http-nio-8080-exec-4 ] ------------------ [ DEBUG ] [ c.javaclimb.drug.mapper.DruginfoMapper.selectPage : 143 ] -
                ==> Parameters: %片%(String), 0(Long), 10(Long)
2021-12-25 08:08:46 [ http-nio-8080-exec-4 ] ------------------ [ DEBUG ] [ c.javaclimb.drug.mapper.DruginfoMapper.selectPage : 143 ] -
                <==      Total: 9
2021-12-25 08:19:16 [ http-nio-8080-exec-5 ] ------------------ [ DEBUG ] [ c.javaclimb.drug.mapper.DruginfoMapper.selectPage : 143 ] -
                ==>  Preparing: SELECT COUNT(1) FROM druginfo 
2021-12-25 08:19:16 [ http-nio-8080-exec-5 ] ------------------ [ DEBUG ] [ c.javaclimb.drug.mapper.DruginfoMapper.selectPage : 143 ] -
                ==> Parameters: 
2021-12-25 08:19:16 [ http-nio-8080-exec-5 ] ------------------ [ DEBUG ] [ c.javaclimb.drug.mapper.DruginfoMapper.selectPage : 143 ] -
                ==>  Preparing: SELECT id,name,supplier,producttime,warrenty,number,price,stock FROM druginfo LIMIT ?,? 
2021-12-25 08:19:16 [ http-nio-8080-exec-5 ] ------------------ [ DEBUG ] [ c.javaclimb.drug.mapper.DruginfoMapper.selectPage : 143 ] -
                ==> Parameters: 0(Long), 10(Long)
2021-12-25 08:19:16 [ http-nio-8080-exec-5 ] ------------------ [ DEBUG ] [ c.javaclimb.drug.mapper.DruginfoMapper.selectPage : 143 ] -
                <==      Total: 10
